INFO:root:calibrating voice
INFO:calibrating voice
2022-05-18 07:06:27,773:INFO:calibrating voice
INFO:2022-05-18 07:07:52,113:root: calibrating voice
INFO:2022-05-18 07:19:15,044:root: Calibrating voice
INFO:2022-05-18 07:19:15,885:root: Voice calibrated
INFO:2022-05-18 07:19:24,543:root: Requesting callback
INFO:2022-05-18 07:23:51,012:root: Calibrating voice
INFO:2022-05-18 07:23:51,739:root: Voice calibrated
INFO:2022-05-18 07:24:00,394:root: Requesting callback
INFO:2022-05-18 07:24:51,690:root: Calibrating voice
INFO:2022-05-18 07:24:52,547:root: Voice calibrated
INFO:2022-05-18 07:25:04,991:root: Requesting callback
INFO:2022-05-18 07:25:09,356:root: Requesting callback
INFO:2022-05-18 07:29:22,698:root: Calibrating voice
INFO:2022-05-18 07:29:23,267:root: Voice calibrated
INFO:2022-05-18 07:29:28,438:root: Requesting callback
INFO:2022-05-18 07:29:35,430:root: Requesting callback
INFO:2022-05-18 07:29:42,444:root: Requesting callback
INFO:2022-05-18 07:29:51,129:root: Requesting callback
INFO:2022-05-18 07:30:02,088:root: Requesting callback
INFO:2022-05-18 07:30:12,371:root: Requesting callback
INFO:2022-05-18 07:31:16,306:root: Calibrating voice
INFO:2022-05-18 07:31:17,576:root: Voice calibrated
INFO:2022-05-18 07:31:27,228:root: Requesting callback
INFO:2022-05-18 07:31:32,011:root: Requesting callback
INFO:2022-05-18 07:38:13,522:root: Calibrating voice
INFO:2022-05-18 07:38:14,514:root: Voice calibrated
INFO:2022-05-18 07:38:22,425:root: Requesting callback
INFO:2022-05-18 07:38:26,327:root: Requesting callback
INFO:2022-05-18 07:38:33,571:root: Requesting callback
INFO:2022-05-18 07:42:24,838:root: Calibrating voice
INFO:2022-05-18 07:42:25,950:root: Voice calibrated
INFO:2022-05-18 07:42:40,473:root: Requesting callback
INFO:2022-05-18 07:42:58,405:root: Requesting callback
INFO:2022-05-18 07:43:12,808:root: Requesting callback
INFO:2022-05-18 07:43:28,780:root: Requesting callback
INFO:2022-05-18 07:43:52,120:root: Requesting callback
INFO:2022-05-18 07:44:02,457:root: Requesting callback
INFO:2022-05-18 07:44:11,049:root: Requesting callback
INFO:2022-05-18 07:44:16,550:root: Requesting callback
INFO:2022-05-18 07:44:20,588:root: Requesting callback
INFO:2022-05-18 07:44:45,322:root: Requesting callback
INFO:2022-05-18 07:44:59,927:root: Requesting callback
INFO:2022-05-18 07:55:09,762:root: Calibrating voice
INFO:2022-05-18 07:55:10,784:root: Voice calibrated
INFO:2022-05-18 07:55:19,041:root: Requesting callback
INFO:2022-05-18 07:55:20,553:root: command:mi max
INFO:2022-05-18 07:55:20,553:root: Executing command
INFO:2022-05-18 07:55:20,647:root: Getting response
INFO:2022-05-18 07:55:39,494:root: Requesting callback
INFO:2022-05-18 07:55:43,865:root: command:can you hear me
INFO:2022-05-18 07:55:43,866:root: Executing command
INFO:2022-05-18 07:55:43,893:root: Getting response
INFO:2022-05-18 07:57:51,499:root: Calibrating voice
INFO:2022-05-18 07:58:05,055:root: Calibrating voice
INFO:2022-05-18 07:58:06,102:root: Voice calibrated
INFO:2022-05-18 07:58:17,236:root: Requesting callback
INFO:2022-05-18 07:58:19,934:root: command:haider
INFO:2022-05-18 07:58:19,934:root: Executing command
INFO:2022-05-18 07:58:20,005:root: Getting response
INFO:2022-05-18 07:58:21,921:root: Requesting callback
INFO:2022-05-18 07:58:22,455:root: command:hi manish
INFO:2022-05-18 07:58:23,010:root: Executing command
INFO:2022-05-18 07:58:23,049:root: Getting response
INFO:2022-05-18 07:58:35,067:root: Requesting callback
INFO:2022-05-18 07:58:42,562:root: command:what's the time
INFO:2022-05-18 07:58:42,563:root: Executing command
INFO:2022-05-18 07:58:48,596:root: Getting response
INFO:2022-05-18 07:59:00,659:root: Requesting callback
INFO:2022-05-18 07:59:10,818:root: command:time is 58 minutes
INFO:2022-05-18 07:59:10,819:root: Executing command
INFO:2022-05-18 07:59:50,223:root: Calibrating voice
INFO:2022-05-18 07:59:50,896:root: Voice calibrated
INFO:2022-05-18 07:59:59,368:root: Requesting callback
INFO:2022-05-18 08:00:00,872:root: command:whatsapp
INFO:2022-05-18 08:00:00,872:root: Executing command
INFO:2022-05-18 08:00:00,943:root: Getting response
INFO:2022-05-18 08:06:01,056:root: Calibrating voice
INFO:2022-05-18 08:06:02,397:root: Voice calibrated
INFO:2022-05-18 08:06:16,988:root: Requesting callback
INFO:2022-05-18 08:06:19,157:root: command:hi pack hello how are you doing
INFO:2022-05-18 08:06:19,157:root: Executing command
INFO:2022-05-18 08:06:19,239:root: Getting response
INFO:2022-05-18 08:06:27,719:root: Requesting callback
INFO:2022-05-18 08:07:12,566:root: Calibrating voice
INFO:2022-05-18 08:07:13,244:root: Voice calibrated
INFO:2022-05-18 08:07:26,187:root: Requesting callback
INFO:2022-05-18 08:07:27,497:root: command:hi mac
INFO:2022-05-18 08:07:27,549:root: Executing command
INFO:2022-05-18 08:07:27,647:root: Getting response
INFO:2022-05-18 08:07:39,746:root: Requesting callback
INFO:2022-05-18 08:07:41,811:root: command:are you slow
INFO:2022-05-18 08:07:41,890:root: Executing command
INFO:2022-05-18 08:07:41,931:root: Getting response
INFO:2022-05-18 08:08:02,690:root: Requesting callback
INFO:2022-05-18 08:08:06,174:root: command:why do you take so much of time to understand and listen
INFO:2022-05-18 08:08:06,188:root: Executing command
INFO:2022-05-18 08:08:09,233:root: Getting response
INFO:2022-05-18 08:08:09,515:root: Requesting callback
INFO:2022-05-18 08:08:10,287:root: command:music minutes
INFO:2022-05-18 08:08:10,362:root: Executing command
INFO:2022-05-18 08:08:10,402:root: Getting response
INFO:2022-05-18 08:08:13,210:root: Requesting callback
INFO:2022-05-18 08:08:17,390:root: Requesting callback
INFO:2022-05-18 08:08:22,168:root: Requesting callback
INFO:2022-05-18 08:08:23,165:root: command:ok bye
INFO:2022-05-18 08:08:23,198:root: Executing command
INFO:2022-05-18 08:11:58,407:root: Calibrating voice
INFO:2022-05-18 08:11:59,231:root: Voice calibrated
INFO:2022-05-18 08:12:08,003:root: Requesting callback
INFO:2022-05-18 08:12:08,443:root: command:what's up assistant
INFO:2022-05-18 08:12:08,485:root: Executing command
INFO:2022-05-18 08:12:08,580:root: Getting response
INFO:2022-05-18 16:21:35,953:root: Calibrating voice
INFO:2022-05-18 16:21:37,425:root: Voice calibrated
INFO:2022-05-18 16:21:46,381:root: Requesting callback
INFO:2022-05-18 16:21:47,070:root: command:haider
INFO:2022-05-18 16:21:47,501:root: Executing command
INFO:2022-05-18 16:21:49,311:root: Requesting callback
INFO:2022-05-18 16:21:50,227:root: command:good boy
INFO:2022-05-18 16:22:11,375:root: Calibrating voice
INFO:2022-05-18 16:22:12,623:root: Voice calibrated
INFO:2022-05-18 16:23:14,617:root: Calibrating voice
INFO:2022-05-18 16:23:15,694:root: Voice calibrated
INFO:2022-05-18 16:23:28,111:root: Requesting callback
INFO:2022-05-18 16:23:30,363:root: command:hay
INFO:2022-05-18 16:23:30,783:root: Executing command
INFO:2022-05-18 16:23:30,882:root: Getting response
INFO:2022-05-18 16:24:01,637:root: Requesting callback
INFO:2022-05-18 16:24:04,265:root: command:tell me a joke
INFO:2022-05-18 16:24:05,006:root: Executing command
INFO:2022-05-18 16:24:08,812:root: Requesting callback
INFO:2022-05-18 16:24:10,774:root: command:news from i don't want to read write
INFO:2022-05-18 16:24:11,054:root: Getting response
INFO:2022-05-18 16:24:12,058:root: Executing command
INFO:2022-05-18 16:24:12,098:root: Getting response
INFO:2022-05-18 16:24:29,208:root: Requesting callback
INFO:2022-05-18 16:24:32,275:root: Requesting callback
INFO:2022-05-18 22:51:28,173:root: Calibrating voice
INFO:2022-05-18 22:51:29,108:root: Voice calibrated
INFO:2022-05-18 22:51:37,858:root: Requesting callback
INFO:2022-05-18 22:51:38,558:root: command:hi mac
INFO:2022-05-18 22:51:39,191:root: Executing command
INFO:2022-05-18 22:51:39,295:root: Getting response
INFO:2022-05-18 22:51:49,632:root: Requesting callback
INFO:2022-05-18 22:51:50,404:root: command:how is my day looking
INFO:2022-05-18 22:51:50,905:root: Executing command
INFO:2022-05-18 22:51:50,944:root: Getting response
INFO:2022-05-18 22:51:57,836:root: Requesting callback
INFO:2022-05-18 22:52:00,247:root: Requesting callback
INFO:2022-05-18 22:52:07,121:root: Requesting callback
INFO:2022-05-18 22:52:08,006:root: command:how much stocks
INFO:2022-05-18 22:52:08,561:root: Executing command
INFO:2022-05-18 22:52:08,600:root: Getting response
INFO:2022-05-18 22:52:35,779:root: Requesting callback
INFO:2022-05-18 22:52:38,985:root: command:hawa my stocks
INFO:2022-05-18 22:52:39,273:root: Executing command
INFO:2022-05-18 22:52:39,312:root: Getting response
INFO:2022-05-18 22:53:28,681:root: Requesting callback
INFO:2022-05-18 22:53:33,916:root: command:tell me a joke tell me a joke
INFO:2022-05-18 22:53:34,237:root: Executing command
INFO:2022-05-18 22:53:43,286:root: Getting response
INFO:2022-05-18 23:24:19,939:root: Calibrating voice
INFO:2022-05-18 23:24:21,195:root: Voice calibrated
INFO:2022-05-18 23:32:55,387:root: Calibrating voice
INFO:2022-05-18 23:32:56,962:root: Voice calibrated
INFO:2022-05-18 23:32:57,784:root: Listening
INFO:2022-05-18 23:33:01,741:root: Requesting callback
INFO:2022-05-18 23:33:02,697:root: command:hi mike
INFO:2022-05-18 23:33:02,702:root: Executing command
INFO:2022-05-18 23:33:02,803:root: Getting response
INFO:2022-05-18 23:33:07,467:root: Speaking
INFO:2022-05-18 23:33:10,535:root: Listening
INFO:2022-05-18 23:33:13,777:root: Requesting callback
INFO:2022-05-18 23:33:14,551:root: command:what's up
INFO:2022-05-18 23:33:14,752:root: Executing command
INFO:2022-05-18 23:33:14,791:root: Getting response
INFO:2022-05-18 23:33:22,849:root: Speaking
INFO:2022-05-18 23:33:25,814:root: Listening
INFO:2022-05-18 23:33:29,071:root: Requesting callback
INFO:2022-05-18 23:33:29,886:root: command:tell me a joke
INFO:2022-05-18 23:33:30,035:root: Executing command
INFO:2022-05-18 23:33:30,828:root: Speaking
INFO:2022-05-18 23:33:39,807:root: Listening
INFO:2022-05-18 23:33:39,807:root: Executing command
INFO:2022-05-18 23:33:45,343:root: Speaking
INFO:2022-05-18 23:33:51,322:root: Listening
INFO:2022-05-18 23:33:51,323:root: Executing command
INFO:2022-05-18 23:33:52,556:root: Speaking
INFO:2022-05-18 23:34:04,503:root: Listening
INFO:2022-05-18 23:34:04,503:root: Executing command
INFO:2022-05-18 23:34:10,593:root: Speaking
INFO:2022-05-18 23:34:16,568:root: Listening
INFO:2022-05-18 23:34:16,569:root: Executing command
INFO:2022-05-18 23:34:18,084:root: Speaking
INFO:2022-05-18 23:34:24,060:root: Listening
INFO:2022-05-18 23:34:24,060:root: Executing command
INFO:2022-05-18 23:34:33,848:root: Speaking
INFO:2022-05-18 23:34:45,830:root: Listening
INFO:2022-05-18 23:34:45,830:root: Executing command
INFO:2022-05-18 23:34:47,069:root: Speaking
INFO:2022-05-18 23:41:11,357:root: Listening
INFO:2022-05-18 23:41:16,811:root: Requesting callback
INFO:2022-05-18 23:41:17,902:root: command:hi mike
INFO:2022-05-18 23:41:18,386:root: Executing command
INFO:2022-05-18 23:41:18,540:root: Getting response
INFO:2022-05-18 23:41:18,850:root: Speaking
INFO:2022-05-18 23:41:21,905:root: Listening
INFO:2022-05-18 23:41:32,782:root: Requesting callback
INFO:2022-05-18 23:41:34,540:root: command:tell me a joke
INFO:2022-05-18 23:41:34,560:root: Executing command
INFO:2022-05-18 23:41:39,579:root: Speaking
INFO:2022-05-18 23:41:48,557:root: Listening
INFO:2022-05-18 23:41:48,557:root: Executing command
INFO:2022-05-18 23:45:46,183:root: Listening
INFO:2022-05-18 23:45:49,570:root: Requesting callback
INFO:2022-05-18 23:45:50,051:root: command:imac
INFO:2022-05-18 23:45:50,408:root: Executing command
INFO:2022-05-18 23:45:50,564:root: Getting response
INFO:2022-05-18 23:45:50,985:root: Speaking
INFO:2022-05-18 23:45:53,850:root: Listening
INFO:2022-05-18 23:45:59,206:root: Requesting callback
INFO:2022-05-18 23:46:00,010:root: command:tell me a joke
INFO:2022-05-18 23:46:00,169:root: Executing command
INFO:2022-05-18 23:46:01,013:root: Speaking
INFO:2022-05-18 23:46:06,984:root: Listening
INFO:2022-05-18 23:46:06,985:root: Executing command
INFO:2022-05-18 23:46:24,211:root: Speaking
INFO:2022-05-18 23:46:33,168:root: Listening
INFO:2022-05-18 23:46:33,169:root: Executing command
INFO:2022-05-18 23:48:39,999:root: Listening
INFO:2022-05-18 23:48:43,146:root: Requesting callback
INFO:2022-05-18 23:48:44,214:root: Executing command:imac
INFO:2022-05-18 23:48:44,311:root: Getting response
INFO:2022-05-18 23:48:46,949:root: Speaking
INFO:2022-05-18 23:48:49,974:root: Listening
INFO:2022-05-18 23:48:51,920:root: Requesting callback
INFO:2022-05-18 23:48:54,286:root: Requesting callback
INFO:2022-05-18 23:48:55,600:root: Executing command:what's the time
INFO:2022-05-18 23:48:56,067:root: Speaking
INFO:2022-05-18 23:49:02,048:root: Listening
INFO:2022-05-18 23:49:02,049:root: Executing command:what's the time
INFO:2022-05-18 23:49:10,873:root: Speaking
INFO:2022-05-18 23:50:20,412:root: Listening
INFO:2022-05-18 23:50:24,741:root: Requesting callback
INFO:2022-05-18 23:50:26,033:root: Executing command:hai
INFO:2022-05-18 23:50:26,899:root: Speaking
INFO:2022-05-18 23:50:29,947:root: Listening
INFO:2022-05-18 23:50:29,947:root: Executing command:hai
INFO:2022-05-18 23:50:31,174:root: Speaking
INFO:2022-05-18 23:50:34,140:root: Listening
INFO:2022-05-18 23:50:34,140:root: Executing command:hai
INFO:2022-05-18 23:50:39,951:root: Speaking
INFO:2022-05-18 23:51:43,189:root: Listening
INFO:2022-05-18 23:51:45,543:root: Requesting callback
INFO:2022-05-18 23:51:46,704:root: Executing command:hi mac
INFO:2022-05-18 23:51:46,798:root: Getting response
INFO:2022-05-18 23:51:47,329:root: Speaking
INFO:2022-05-18 23:51:53,385:root: Listening
INFO:2022-05-18 23:51:58,292:root: Requesting callback
INFO:2022-05-18 23:51:59,714:root: Executing command:what's the time
INFO:2022-05-18 23:51:59,958:root: Speaking
INFO:2022-05-18 23:52:05,940:root: Listening
INFO:2022-05-18 23:52:05,940:root: Executing command:what's the time
INFO:2022-05-18 23:52:07,990:root: Speaking
INFO:2022-05-18 23:53:39,291:root: Listening
INFO:2022-05-18 23:53:42,807:root: Requesting callback
INFO:2022-05-18 23:53:43,513:root: Executing command:hai
INFO:2022-05-18 23:53:43,605:root: Getting response
INFO:2022-05-18 23:53:44,191:root: Speaking
INFO:2022-05-18 23:53:47,233:root: Listening
INFO:2022-05-18 23:53:51,862:root: Requesting callback
INFO:2022-05-18 23:53:52,849:root: Executing command:what's the time
INFO:2022-05-18 23:53:53,689:root: Speaking
INFO:2022-05-18 23:53:59,659:root: Listening
INFO:2022-05-18 23:53:59,659:root: Executing command:what's the time
INFO:2022-05-18 23:54:00,887:root: Speaking
INFO:2022-05-18 23:54:06,854:root: Listening
INFO:2022-05-18 23:54:06,854:root: Executing command:what's the time
INFO:2022-05-19 00:06:31,689:root: Listening
INFO:2022-05-19 00:06:33,997:root: Requesting callback
INFO:2022-05-19 00:06:35,204:root: Executing command:hai
INFO:2022-05-19 00:06:35,299:root: Getting response
INFO:2022-05-19 00:06:38,122:root: Speaking
INFO:2022-05-19 00:06:41,171:root: Listening
INFO:2022-05-19 00:06:43,734:root: Requesting callback
INFO:2022-05-19 00:06:44,691:root: Executing command:what's the time
INFO:2022-05-19 00:06:49,046:root: Speaking
INFO:2022-05-19 00:06:55,026:root: Listening
INFO:2022-05-19 00:07:01,186:root: Requesting callback
INFO:2022-05-19 00:07:02,753:root: Executing command:tell me a joke
INFO:2022-05-19 00:07:05,131:root: Speaking
INFO:2022-05-19 00:07:17,079:root: Listening
INFO:2022-05-19 00:07:19,967:root: Requesting callback
INFO:2022-05-19 00:07:38,011:root: Requesting callback
INFO:2022-05-19 00:07:40,996:root: Executing command:set volume set volume
INFO:2022-05-19 00:07:42,949:root: Speaking
INFO:2022-05-19 00:07:45,886:root: Listening
INFO:2022-05-19 00:07:51,909:root: Requesting callback
INFO:2022-05-19 00:07:53,622:root: Executing command:20%
INFO:2022-05-19 00:07:53,665:root: Getting response
INFO:2022-05-19 00:07:54,042:root: Speaking
INFO:2022-05-19 00:07:56,990:root: Listening
INFO:2022-05-19 00:08:20,733:root: Requesting callback
INFO:2022-05-19 00:08:23,695:root: Executing command:set volume mac
INFO:2022-05-19 00:08:25,856:root: Speaking
INFO:2022-05-19 00:08:28,836:root: Listening
INFO:2022-05-19 00:11:16,150:root: Listening
INFO:2022-05-19 00:11:19,477:root: Requesting callback
INFO:2022-05-19 00:11:20,370:root: Executing command:hi mac
INFO:2022-05-19 00:11:20,463:root: Getting response
INFO:2022-05-19 00:11:21,079:root: Speaking
INFO:2022-05-19 00:11:24,139:root: Listening
INFO:2022-05-19 00:11:26,748:root: Requesting callback
INFO:2022-05-19 00:11:27,651:root: Executing command:set volume
INFO:2022-05-19 00:11:28,531:root: Speaking
INFO:2022-05-19 00:11:31,490:root: Listening
INFO:2022-05-19 00:11:36,214:root: Requesting callback
INFO:2022-05-19 00:11:37,119:root: Executing command:50%
INFO:2022-05-19 00:11:37,158:root: Getting response
INFO:2022-05-19 00:11:37,860:root: Speaking
INFO:2022-05-19 00:11:43,808:root: Listening
INFO:2022-05-19 00:11:55,455:root: Requesting callback
INFO:2022-05-19 00:11:57,176:root: Executing command:how are you doing today
INFO:2022-05-19 00:11:57,215:root: Getting response
INFO:2022-05-19 00:11:59,833:root: Speaking
INFO:2022-05-19 00:12:02,779:root: Listening
INFO:2022-05-19 00:12:04,831:root: Requesting callback
INFO:2022-05-19 00:21:12,313:root: Listening
INFO:2022-05-19 00:21:16,341:root: Requesting callback
INFO:2022-05-19 00:21:20,615:root: Requesting callback
INFO:2022-05-19 00:21:28,372:root: Requesting callback
INFO:2022-05-19 00:24:36,357:root: Listening
INFO:2022-05-19 00:24:38,922:root: Requesting callback
INFO:2022-05-19 00:24:45,586:root: Requesting callback
INFO:2022-05-19 00:25:43,929:root: Listening
INFO:2022-05-19 00:25:47,492:root: Requesting callback
INFO:2022-05-19 00:25:51,136:root: Requesting callback
INFO:2022-05-19 00:25:55,967:root: Requesting callback
INFO:2022-05-19 00:25:57,287:root: Executing command:hello
INFO:2022-05-19 00:25:57,391:root: Getting response
INFO:2022-05-19 00:25:58,798:root: Speaking
INFO:2022-05-19 00:26:01,836:root: Listening
INFO:2022-05-19 00:26:04,755:root: Requesting callback
INFO:2022-05-19 00:26:08,123:root: Requesting callback
INFO:2022-05-19 00:26:11,044:root: Requesting callback
INFO:2022-05-19 00:26:13,972:root: Requesting callback
INFO:2022-05-19 00:26:15,193:root: Executing command:haider
INFO:2022-05-19 00:26:15,232:root: Getting response
INFO:2022-05-19 00:26:22,648:root: Speaking
INFO:2022-05-19 00:26:25,619:root: Listening
INFO:2022-05-19 00:26:40,492:root: Requesting callback
INFO:2022-05-19 00:26:42,497:root: Executing command:set volume
INFO:2022-05-19 23:33:19,922:root: Listening
INFO:2022-05-19 23:34:01,109:root: Requesting callback
INFO:2022-05-19 23:34:30,081:root: Listening
INFO:2022-05-19 23:34:37,933:root: Requesting callback
INFO:2022-05-19 23:34:41,259:root: Requesting callback
INFO:2022-05-19 23:35:09,674:root: Requesting callback
INFO:2022-05-24 02:07:45,880:root: Listening
INFO:2022-05-24 02:07:49,467:root: Requesting callback
INFO:2022-05-24 02:07:51,502:root: Executing command:hai
INFO:2022-05-24 02:07:51,597:root: Getting response
INFO:2022-05-24 02:07:56,660:root: Speaking
INFO:2022-05-24 02:07:59,705:root: Listening
INFO:2022-05-24 02:08:04,198:root: Requesting callback
INFO:2022-05-24 02:08:06,029:root: Executing command:tell me a joke
INFO:2022-05-24 02:08:09,711:root: Speaking
INFO:2022-05-24 02:08:21,690:root: Listening
INFO:2022-05-24 02:08:29,661:root: Requesting callback
INFO:2022-05-24 02:08:39,648:root: Requesting callback
INFO:2022-05-24 02:08:44,383:root: Requesting callback
INFO:2022-05-24 02:08:47,215:root: Requesting callback
INFO:2022-05-24 02:09:00,869:root: Requesting callback
INFO:2022-05-24 02:09:03,873:root: Executing command:what's the time
INFO:2022-05-24 02:09:10,669:root: Speaking
INFO:2022-05-24 02:09:16,650:root: Listening
INFO:2022-05-24 02:09:22,931:root: Requesting callback
INFO:2022-05-24 02:09:25,794:root: Executing command:set volume
INFO:2022-05-24 02:11:34,783:root: Listening
INFO:2022-05-24 02:11:37,931:root: Requesting callback
INFO:2022-05-24 02:11:39,706:root: Executing command:set volume
INFO:2022-05-24 02:11:40,580:root: Requesting callback
INFO:2022-05-24 02:58:46,376:root: Listening
INFO:2022-05-24 02:58:48,616:root: Requesting callback
INFO:2022-05-24 02:58:49,833:root: Executing command:hai
INFO:2022-05-24 02:58:49,933:root: Getting response
INFO:2022-05-24 02:58:50,774:root: Speaking
INFO:2022-05-24 02:58:53,814:root: Listening
INFO:2022-05-24 02:58:57,424:root: Requesting callback
INFO:2022-05-24 02:58:59,074:root: Executing command:how are you doing today
INFO:2022-05-24 02:58:59,111:root: Getting response
INFO:2022-05-24 02:59:00,719:root: Speaking
INFO:2022-05-24 02:59:03,700:root: Listening
INFO:2022-05-24 02:59:09,217:root: Requesting callback
INFO:2022-05-24 02:59:11,053:root: Executing command:tell me a joke
INFO:2022-05-24 02:59:12,674:root: Speaking
INFO:2022-05-24 02:59:21,639:root: Listening
INFO:2022-05-24 03:00:27,033:root: Listening
INFO:2022-05-24 03:00:29,088:root: Requesting callback
INFO:2022-05-24 03:00:34,030:root: Requesting callback
INFO:2022-05-24 03:00:41,250:root: Requesting callback
INFO:2022-05-24 03:00:43,418:root: Executing command:imac
INFO:2022-05-24 03:00:43,511:root: Getting response
INFO:2022-05-24 03:00:44,477:root: Speaking
INFO:2022-05-24 03:00:47,518:root: Listening
INFO:2022-05-24 03:00:58,750:root: Requesting callback
INFO:2022-05-24 03:01:15,469:root: Requesting callback
INFO:2022-05-24 03:02:09,539:root: Listening
INFO:2022-05-24 03:02:15,214:root: Requesting callback
INFO:2022-05-24 03:02:17,421:root: Executing command:a quick brown fox jumped over the lazy dog
INFO:2022-05-24 03:02:21,525:root: Speaking
INFO:2022-05-24 03:02:24,565:root: Listening
INFO:2022-05-24 03:02:26,572:root: Requesting callback
INFO:2022-05-24 03:02:35,422:root: Requesting callback
INFO:2022-05-24 03:04:33,267:root: Listening
INFO:2022-05-24 03:04:43,495:root: Requesting callback
INFO:2022-05-24 03:04:45,798:root: Executing command:hai
INFO:2022-05-24 03:04:45,897:root: Getting response
INFO:2022-05-24 03:04:53,588:root: Speaking
INFO:2022-05-24 03:04:56,646:root: Listening
INFO:2022-05-24 03:05:02,624:root: Requesting callback
INFO:2022-05-24 03:05:04,435:root: Executing command:how are you
INFO:2022-05-24 03:05:04,473:root: Getting response
INFO:2022-05-24 03:05:05,377:root: Speaking
INFO:2022-05-24 03:05:08,318:root: Listening
INFO:2022-05-24 03:05:13,833:root: Requesting callback
INFO:2022-05-24 03:05:15,687:root: Executing command:what's the time
INFO:2022-05-24 03:05:27,294:root: Speaking
INFO:2022-05-24 03:05:33,271:root: Listening
INFO:2022-05-24 03:07:08,890:root: Requesting callback
INFO:2022-05-24 03:07:17,322:root: Executing command:tell me a joke
INFO:2022-05-24 03:07:18,282:root: Speaking
INFO:2022-05-24 03:07:30,242:root: Listening
INFO:2022-05-24 03:07:54,688:root: Requesting callback
INFO:2022-05-24 03:09:38,160:root: Requesting callback
INFO:2022-05-24 03:24:14,328:root: Requesting callback
INFO:2022-05-24 03:24:25,550:root: Requesting callback
INFO:2022-05-24 03:40:49,975:root: Listening
INFO:2022-05-24 03:40:54,443:root: Requesting callback
INFO:2022-05-24 03:40:59,950:root: Requesting callback
INFO:2022-05-24 03:41:03,036:root: Requesting callback
INFO:2022-05-24 03:41:05,407:root: Requesting callback
INFO:2022-05-24 03:41:36,846:root: Requesting callback
INFO:2022-05-24 03:42:32,667:root: Requesting callback
INFO:2022-05-24 03:42:45,851:root: Requesting callback
INFO:2022-05-24 03:44:00,564:root: Listening
INFO:2022-05-24 03:44:04,174:root: Requesting callback
INFO:2022-05-24 03:44:05,403:root: Executing command:hai
INFO:2022-05-24 03:44:05,499:root: Getting response
INFO:2022-05-24 03:44:06,604:root: Speaking
INFO:2022-05-24 03:51:58,354:root: Listening
INFO:2022-05-24 03:52:02,011:root: Requesting callback
INFO:2022-05-24 03:52:03,913:root: Executing command:hi there
INFO:2022-05-24 03:52:04,004:root: Getting response
INFO:2022-05-24 03:52:04,885:root: Speaking
INFO:2022-05-24 03:52:09,302:root: Requesting callback
INFO:2022-05-24 03:52:11,500:root: Executing command:see you again
INFO:2022-05-24 03:56:57,560:root: Listening
INFO:2022-05-24 03:57:01,458:root: Requesting callback
INFO:2022-05-24 03:57:03,463:root: Executing command:hammock
INFO:2022-05-24 03:57:03,557:root: Getting response
INFO:2022-05-24 03:57:04,774:root: Speaking
INFO:2022-05-24 03:57:07,819:root: Requesting callback
INFO:2022-05-24 03:57:13,047:root: Requesting callback
INFO:2022-05-24 03:57:14,678:root: Executing command:hello
INFO:2022-05-24 03:57:14,716:root: Getting response
INFO:2022-05-24 03:57:17,124:root: Speaking
INFO:2022-05-24 03:59:57,895:root: Listening
INFO:2022-05-24 04:00:07,979:root: Requesting callback
INFO:2022-05-24 04:00:10,551:root: Executing command:hai
INFO:2022-05-24 04:00:10,643:root: Getting response
INFO:2022-05-24 04:00:15,011:root: Speaking
INFO:2022-05-24 04:00:18,260:root: Requesting callback
INFO:2022-05-24 04:00:21,187:root: Requesting callback
INFO:2022-05-24 04:00:24,252:root: Requesting callback
INFO:2022-05-24 04:00:27,295:root: Requesting callback
INFO:2022-05-24 04:00:32,588:root: Requesting callback
INFO:2022-05-24 04:00:35,422:root: Requesting callback
INFO:2022-05-24 04:00:43,131:root: Requesting callback
INFO:2022-05-24 04:01:35,458:root: Listening
INFO:2022-05-24 04:01:40,725:root: Requesting callback
INFO:2022-05-24 04:01:42,552:root: Executing command:hi hello
INFO:2022-05-24 04:01:42,647:root: Getting response
INFO:2022-05-24 04:01:47,179:root: Speaking
INFO:2022-05-24 04:03:27,507:root: Listening
INFO:2022-05-24 04:03:31,451:root: Requesting callback
INFO:2022-05-24 04:03:33,091:root: Executing command:hai
INFO:2022-05-24 04:03:33,164:root: Getting response
INFO:2022-05-24 04:03:35,528:root: Speaking
INFO:2022-05-24 04:03:38,502:root: Requesting callback
INFO:2022-05-24 04:03:48,832:root: Requesting callback
INFO:2022-05-24 04:03:51,172:root: Executing command:how are you
INFO:2022-05-24 04:03:51,209:root: Getting response
INFO:2022-05-24 04:04:00,410:root: Speaking
INFO:2022-05-28 02:38:09,246:root: Listening
INFO:2022-05-28 02:38:16,602:root: Requesting callback
INFO:2022-05-28 02:38:17,796:root: Executing command:hai
INFO:2022-05-28 02:38:17,918:root: Getting response
INFO:2022-05-28 02:38:19,685:root: Speaking
INFO:2022-05-28 02:38:28,528:root: Requesting callback
INFO:2022-05-28 02:38:29,956:root: Executing command:hello what's the time
INFO:2022-05-28 02:46:58,275:root: Listening
INFO:2022-05-28 02:47:04,675:root: Requesting callback
INFO:2022-05-28 02:47:05,332:root: Executing command:hai
INFO:2022-05-28 02:47:05,428:root: Getting response
INFO:2022-05-28 02:47:07,690:root: Speaking
INFO:2022-05-28 02:47:40,700:root: Requesting callback
INFO:2022-05-28 02:47:44,219:root: Executing command:how are you hi mach
INFO:2022-05-28 02:47:44,257:root: Getting response
INFO:2022-05-28 02:47:47,449:root: Speaking
INFO:2022-05-28 02:56:38,073:root: Listening
INFO:2022-05-28 02:56:40,971:root: Requesting callback
INFO:2022-05-28 02:56:50,748:root: Requesting callback
INFO:2022-05-28 02:56:59,710:root: Requesting callback
INFO:2022-05-28 02:57:00,846:root: Executing command:hello
INFO:2022-05-28 02:57:00,978:root: Getting response
INFO:2022-05-28 02:57:02,720:root: Speaking
INFO:2022-05-28 02:57:30,738:root: Requesting callback
INFO:2022-05-28 02:57:33,717:root: Executing command:hai
INFO:2022-05-28 02:57:37,465:root: Speaking
INFO:2022-05-28 02:59:27,586:root: Listening
INFO:2022-05-28 02:59:33,666:root: Requesting callback
INFO:2022-05-28 02:59:34,724:root: Executing command:hai
INFO:2022-05-28 02:59:34,817:root: Getting response
INFO:2022-05-28 02:59:41,392:root: Speaking
INFO:2022-05-28 03:00:04,764:root: Requesting callback
INFO:2022-05-28 03:00:08,239:root: Executing command:hey hi max
INFO:2022-05-28 03:00:08,276:root: Getting response
INFO:2022-05-28 03:00:17,386:root: Speaking
INFO:2022-05-28 03:05:04,243:root: Listening
INFO:2022-05-28 03:05:14,218:root: Requesting callback
INFO:2022-05-28 03:05:15,432:root: Executing command:hi there
INFO:2022-05-28 03:05:15,523:root: Getting response
INFO:2022-05-28 03:05:16,906:root: Speaking
INFO:2022-05-28 03:05:19,479:root: Requesting callback
INFO:2022-05-28 03:05:23,542:root: Requesting callback
INFO:2022-05-28 03:05:24,346:root: Executing command:how are you doing today
INFO:2022-05-28 03:05:24,384:root: Getting response
INFO:2022-05-28 03:05:29,896:root: Speaking
INFO:2022-05-28 03:08:24,529:root: Listening
INFO:2022-05-28 03:08:28,657:root: Requesting callback
INFO:2022-05-28 03:08:29,530:root: Executing command:is anyone there
INFO:2022-05-28 03:08:29,650:root: Getting response
INFO:2022-05-28 03:08:34,312:root: Speaking
INFO:2022-05-28 03:09:25,467:root: Requesting callback
INFO:2022-05-28 03:09:31,954:root: Executing command:can i help whatsapp hello i am back
INFO:2022-05-28 03:09:31,991:root: Getting response
INFO:2022-05-28 03:09:43,062:root: Speaking
INFO:2022-05-28 03:14:46,600:root: Listening
INFO:2022-05-28 03:14:49,147:root: Requesting callback
INFO:2022-05-28 03:14:49,812:root: Executing command:hai
INFO:2022-05-28 03:14:49,907:root: Getting response
INFO:2022-05-28 03:14:50,745:root: Speaking
INFO:2022-05-28 03:14:54,667:root: Requesting callback
INFO:2022-05-28 03:14:55,272:root: Executing command:hay mach
INFO:2022-05-28 03:14:55,310:root: Getting response
INFO:2022-05-28 03:15:00,398:root: Speaking
INFO:2022-05-28 03:15:09,244:root: Requesting callback
INFO:2022-05-28 03:15:10,420:root: Executing command:can you hear me
INFO:2022-05-28 03:15:10,457:root: Getting response
INFO:2022-05-28 03:15:50,175:root: Speaking
INFO:2022-05-28 03:15:54,880:root: Requesting callback
INFO:2022-05-28 03:15:59,804:root: Requesting callback
INFO:2022-05-28 03:16:07,165:root: Requesting callback
INFO:2022-05-28 03:16:12,528:root: Requesting callback
INFO:2022-05-28 03:16:18,820:root: Requesting callback
INFO:2022-05-28 03:16:26,345:root: Requesting callback
INFO:2022-05-28 03:18:18,391:root: Listening
INFO:2022-05-28 03:18:22,496:root: Requesting callback
INFO:2022-05-28 03:18:23,540:root: Executing command:is anyone there
INFO:2022-05-28 03:18:23,632:root: Getting response
INFO:2022-05-28 03:18:24,560:root: Speaking
INFO:2022-05-28 03:18:35,110:root: Requesting callback
INFO:2022-05-28 03:18:36,478:root: Executing command:hai
INFO:2022-05-28 03:18:36,514:root: Getting response
INFO:2022-05-28 03:18:48,616:root: Speaking
INFO:2022-05-28 03:41:34,487:root: Listening
INFO:2022-05-28 03:41:38,360:root: Requesting callback
INFO:2022-05-28 03:41:39,148:root: Executing command:hai
INFO:2022-05-28 03:41:39,251:root: Getting response
INFO:2022-05-28 03:41:41,122:root: Speaking
INFO:2022-05-28 03:41:41,203:root: Listening
INFO:2022-05-28 03:41:47,913:root: Requesting callback
INFO:2022-05-28 03:41:49,110:root: Executing command:how are you doing today
INFO:2022-05-28 03:41:49,149:root: Getting response
INFO:2022-05-28 03:41:58,682:root: Speaking
INFO:2022-05-28 03:52:57,111:root: Listening
INFO:2022-05-28 03:53:11,017:root: Requesting callback
INFO:2022-05-28 03:53:12,330:root: Executing command:hi hello
INFO:2022-05-28 03:53:12,452:root: Getting response
INFO:2022-05-28 03:53:16,786:root: Speaking
INFO:2022-05-28 03:53:16,871:root: Listening
INFO:2022-05-28 03:53:20,789:root: Requesting callback
INFO:2022-05-28 03:53:27,198:root: Requesting callback
INFO:2022-05-28 03:53:42,776:root: Requesting callback
INFO:2022-05-28 03:53:44,232:root: Executing command:hello
INFO:2022-05-28 03:53:44,270:root: Getting response
INFO:2022-05-28 03:53:47,934:root: Requesting callback
INFO:2022-05-28 03:53:50,650:root: Requesting callback
INFO:2022-05-28 03:53:56,893:root: Requesting callback
INFO:2022-05-28 03:54:21,463:root: Requesting callback
INFO:2022-05-28 03:54:25,852:root: Requesting callback
INFO:2022-05-28 03:54:37,972:root: Requesting callback
INFO:2022-05-28 03:57:02,320:root: Listening
INFO:2022-05-28 03:57:16,311:root: Requesting callback
INFO:2022-05-28 03:57:18,684:root: Executing command:hi there
INFO:2022-05-28 03:57:18,776:root: Getting response
INFO:2022-05-28 03:57:27,264:root: Speaking
INFO:2022-05-28 03:57:27,343:root: Listening
INFO:2022-05-28 03:57:31,184:root: Requesting callback
INFO:2022-05-28 03:57:32,077:root: Executing command:how can i help
INFO:2022-05-28 03:57:32,115:root: Getting response
INFO:2022-05-28 03:57:38,452:root: Requesting callback
INFO:2022-05-28 03:57:41,400:root: Requesting callback
INFO:2022-05-28 03:58:11,425:root: Requesting callback
INFO:2022-05-28 03:58:17,854:root: Requesting callback
INFO:2022-05-28 04:01:29,090:root: Listening
INFO:2022-05-28 04:01:33,029:root: Requesting callback
INFO:2022-05-28 04:01:33,841:root: Executing command:hai
INFO:2022-05-28 04:01:33,933:root: Getting response
INFO:2022-05-28 04:01:36,300:root: Speaking
INFO:2022-05-28 04:01:36,375:root: Listening
INFO:2022-05-28 04:01:47,468:root: Requesting callback
INFO:2022-05-28 04:01:49,424:root: Executing command:how are you
INFO:2022-05-28 04:01:49,463:root: Getting response
INFO:2022-05-28 04:04:58,240:root: Listening
INFO:2022-05-28 04:05:03,150:root: Requesting callback
INFO:2022-05-28 04:05:03,951:root: Executing command:hai
INFO:2022-05-28 04:05:04,042:root: Getting response
INFO:2022-05-28 04:05:18,356:root: Speaking
INFO:2022-05-28 04:05:18,444:root: Listening
INFO:2022-05-28 04:05:29,463:root: Requesting callback
INFO:2022-05-28 04:05:31,099:root: Executing command:how are you
INFO:2022-05-28 04:05:31,136:root: Getting response
INFO:2022-05-28 04:05:33,598:root: Requesting callback
INFO:2022-05-28 04:09:05,042:root: Listening
INFO:2022-05-28 04:09:08,450:root: Requesting callback
INFO:2022-05-28 04:09:09,201:root: Executing command:hai
INFO:2022-05-28 04:09:09,384:root: Getting response
INFO:2022-05-28 04:09:12,181:root: Speaking
INFO:2022-05-28 04:09:12,256:root: Listening
INFO:2022-05-28 04:09:24,208:root: Requesting callback
INFO:2022-05-28 04:09:25,928:root: Executing command:how are you
INFO:2022-05-28 04:09:25,967:root: Getting response
INFO:2022-05-28 04:09:39,690:root: Speaking
INFO:2022-05-28 04:25:43,238:root: Listening
INFO:2022-05-28 04:25:53,291:root: Requesting callback
INFO:2022-05-28 04:26:06,155:root: Requesting callback
INFO:2022-05-28 04:26:06,756:root: Executing command:hello
INFO:2022-05-28 04:26:06,853:root: Getting response
INFO:2022-05-28 04:26:07,366:root: Speaking
INFO:2022-05-28 04:26:07,448:root: Listening
INFO:2022-05-28 04:26:14,093:root: Requesting callback
INFO:2022-05-28 04:26:14,534:root: Executing command:ayodhya
INFO:2022-05-28 04:26:14,572:root: Getting response
INFO:2022-05-28 04:26:15,241:root: Speaking
INFO:2022-05-28 04:38:35,541:root: Listening
INFO:2022-05-28 04:38:48,022:root: Requesting callback
INFO:2022-05-28 04:39:02,551:root: Requesting callback
INFO:2022-05-28 04:39:03,220:root: Executing command:is anyone there
INFO:2022-05-28 04:39:03,312:root: Getting response
INFO:2022-05-28 04:39:03,828:root: Speaking
INFO:2022-05-28 04:39:03,907:root: Listening
INFO:2022-05-28 04:39:14,583:root: Requesting callback
INFO:2022-05-28 04:39:15,293:root: Executing command:ayodhya
INFO:2022-05-28 04:39:15,332:root: Getting response
INFO:2022-05-28 04:39:15,927:root: Speaking
INFO:2022-05-28 04:39:15,930:root: Listening
INFO:2022-05-28 04:39:27,179:root: Requesting callback
INFO:2022-05-28 04:39:55,402:root: Requesting callback
INFO:2022-05-28 04:39:55,835:root: Executing command:what's the time
INFO:2022-05-28 04:39:55,874:root: Getting response
INFO:2022-05-28 04:39:55,874:root: Listening
INFO:2022-05-28 04:39:56,556:root: Speaking
INFO:2022-05-28 04:40:04,831:root: Requesting callback
INFO:2022-05-28 04:40:08,480:root: Requesting callback
INFO:2022-05-28 04:40:08,894:root: Executing command:tell me a joke
INFO:2022-05-28 04:40:08,934:root: Getting response
INFO:2022-05-28 04:40:08,935:root: Listening
INFO:2022-05-28 04:40:09,635:root: Speaking
INFO:2022-05-28 04:40:17,380:root: Requesting callback
INFO:2022-05-28 04:40:36,960:root: Requesting callback
INFO:2022-05-28 04:40:37,522:root: Executing command:tell me a joke
INFO:2022-05-28 04:40:37,559:root: Getting response
INFO:2022-05-28 04:40:37,559:root: Listening
INFO:2022-05-28 04:40:38,118:root: Speaking
INFO:2022-05-28 04:40:54,129:root: Requesting callback
INFO:2022-05-28 04:40:54,536:root: Executing command:what's the time
INFO:2022-05-28 04:40:54,573:root: Getting response
INFO:2022-05-28 04:40:54,573:root: Listening
INFO:2022-05-28 04:40:55,255:root: Speaking
INFO:2022-05-28 04:42:50,746:root: Listening
INFO:2022-05-28 04:42:57,911:root: Requesting callback
INFO:2022-05-28 04:43:05,207:root: Requesting callback
INFO:2022-05-28 04:43:05,909:root: Executing command:hello
INFO:2022-05-28 04:43:06,001:root: Getting response
INFO:2022-05-28 04:43:06,544:root: Speaking
INFO:2022-05-28 04:43:06,655:root: Listening
INFO:2022-05-28 04:45:38,094:root: Listening
INFO:2022-05-28 04:45:41,681:root: Requesting callback
INFO:2022-05-28 04:45:42,375:root: Executing command:greetings
INFO:2022-05-28 04:45:42,468:root: Getting response
INFO:2022-05-28 04:45:42,959:root: Speaking
INFO:2022-05-28 04:45:43,038:root: Listening
INFO:2022-05-28 04:45:48,468:root: Requesting callback
INFO:2022-05-28 04:45:50,045:root: Executing command:how my stocks today
INFO:2022-05-28 04:45:50,084:root: Getting response
INFO:2022-05-28 04:46:09,718:root: Requesting callback
INFO:2022-05-28 04:47:05,919:root: Requesting callback
INFO:2022-05-28 04:47:24,798:root: Requesting callback
INFO:2022-05-28 04:48:26,006:root: Listening
INFO:2022-05-28 04:48:30,101:root: Requesting callback
INFO:2022-05-28 04:48:30,685:root: Executing command:haider
INFO:2022-05-28 04:48:30,772:root: Getting response
INFO:2022-05-28 04:48:31,314:root: Speaking
INFO:2022-05-28 04:48:31,390:root: Listening
INFO:2022-05-28 04:48:35,288:root: Requesting callback
INFO:2022-05-28 04:48:35,821:root: Executing command:whatsapp
INFO:2022-05-28 04:48:35,859:root: Getting response
INFO:2022-05-28 04:48:36,440:root: Speaking
INFO:2022-05-28 04:48:36,444:root: Listening
INFO:2022-05-28 04:48:43,533:root: Requesting callback
INFO:2022-05-28 04:48:43,980:root: Executing command:say something
INFO:2022-05-28 04:48:44,018:root: Getting response
INFO:2022-05-28 04:48:44,683:root: Speaking
INFO:2022-05-28 04:48:44,687:root: Listening
INFO:2022-05-28 04:49:00,871:root: Requesting callback
INFO:2022-05-28 04:49:15,142:root: Requesting callback
INFO:2022-05-28 04:49:15,657:root: Executing command:what's the time
INFO:2022-05-28 04:49:15,696:root: Getting response
INFO:2022-05-28 04:49:16,297:root: Speaking
INFO:2022-05-28 04:49:16,299:root: Listening
INFO:2022-05-28 04:49:29,916:root: Requesting callback
INFO:2022-05-28 04:49:30,601:root: Executing command:hi baat
INFO:2022-05-28 04:49:30,640:root: Getting response
INFO:2022-05-28 04:49:31,194:root: Speaking
INFO:2022-05-28 04:49:31,199:root: Listening
INFO:2022-05-28 04:49:36,383:root: Requesting callback
INFO:2022-05-28 04:49:36,865:root: Executing command:tell me a joke
INFO:2022-05-28 04:49:36,903:root: Getting response
INFO:2022-05-28 04:49:37,528:root: Speaking
INFO:2022-05-28 04:49:37,531:root: Listening
INFO:2022-05-28 04:49:40,718:root: Requesting callback
INFO:2022-05-28 04:58:55,898:root: Listening
INFO:2022-05-28 04:58:59,516:root: Requesting callback
INFO:2022-05-28 04:58:59,923:root: Executing command:hai
INFO:2022-05-28 04:59:00,662:root: Speaking
INFO:2022-05-28 04:59:26,076:root: Listening
INFO:2022-05-28 04:59:29,633:root: Requesting callback
INFO:2022-05-28 04:59:30,021:root: Executing command:hello
INFO:2022-05-28 04:59:30,104:root: Getting response
INFO:2022-05-28 04:59:30,778:root: Speaking
INFO:2022-05-28 04:59:30,848:root: Listening
INFO:2022-05-28 04:59:36,570:root: Requesting callback
INFO:2022-05-28 04:59:37,476:root: Executing command:how much cost repair
INFO:2022-05-28 04:59:37,514:root: Getting response
INFO:2022-05-28 04:59:38,103:root: Speaking
INFO:2022-05-28 04:59:38,106:root: Listening
INFO:2022-05-28 04:59:49,275:root: Requesting callback
INFO:2022-05-28 04:59:50,057:root: Executing command:say something
INFO:2022-05-28 04:59:50,095:root: Getting response
INFO:2022-05-28 04:59:50,095:root: Listening
INFO:2022-05-28 04:59:52,283:root: Speaking
INFO:2022-05-28 05:01:14,211:root: Listening
INFO:2022-05-28 05:01:17,506:root: Requesting callback
INFO:2022-05-28 05:01:17,799:root: Executing command:hello
INFO:2022-05-28 05:01:17,889:root: Getting response
INFO:2022-05-28 05:01:18,657:root: Speaking
INFO:2022-05-28 05:01:18,734:root: Listening
INFO:2022-05-28 05:09:43,708:root: Listening
INFO:2022-05-28 05:09:49,628:root: Requesting callback
INFO:2022-05-28 05:09:50,579:root: Executing command:hai na
INFO:2022-05-28 05:09:50,671:root: Getting response
INFO:2022-05-28 05:09:51,229:root: Speaking
INFO:2022-05-28 05:09:51,311:root: Listening
INFO:2022-05-28 05:09:52,873:root: Requesting callback
INFO:2022-05-28 05:09:57,159:root: Requesting callback
INFO:2022-05-28 05:09:58,100:root: Executing command:how are you doing today
INFO:2022-05-28 05:09:58,138:root: Getting response
INFO:2022-05-28 05:10:05,864:root: Requesting callback
INFO:2022-05-28 05:10:10,155:root: Requesting callback
INFO:2022-05-28 05:10:17,958:root: Requesting callback
INFO:2022-05-28 05:10:48,929:root: Listening
INFO:2022-05-28 05:10:51,972:root: Requesting callback
INFO:2022-05-28 05:10:52,803:root: Executing command:hi mike
INFO:2022-05-28 05:10:52,898:root: Getting response
INFO:2022-05-28 05:10:53,441:root: Speaking
INFO:2022-05-28 05:10:53,524:root: Listening
INFO:2022-05-28 05:10:58,472:root: Requesting callback
INFO:2022-05-28 05:10:59,540:root: Executing command:how much stocks today
INFO:2022-05-28 05:10:59,578:root: Getting response
INFO:2022-05-28 05:11:11,724:root: Requesting callback
INFO:2022-05-28 05:11:34,055:root: Requesting callback
INFO:2022-05-28 05:12:16,750:root: Listening
INFO:2022-05-28 05:12:20,625:root: Requesting callback
INFO:2022-05-28 05:12:31,250:root: Requesting callback
INFO:2022-05-28 05:12:35,926:root: Requesting callback
INFO:2022-05-28 05:14:38,176:root: Listening
INFO:2022-05-28 05:14:43,590:root: Requesting callback
INFO:2022-05-28 05:14:44,418:root: Executing command:hello
INFO:2022-05-28 05:14:44,509:root: Getting response
INFO:2022-05-28 05:14:44,994:root: Speaking
INFO:2022-05-28 05:14:45,075:root: Listening
INFO:2022-05-28 05:14:50,728:root: Requesting callback
INFO:2022-05-28 19:09:05,601:root: Listening
INFO:2022-05-28 19:09:14,508:root: Requesting callback
INFO:2022-05-28 19:09:15,715:root: Executing command:weather
INFO:2022-05-28 19:09:15,823:root: Getting response
INFO:2022-05-28 19:09:20,561:root: Speaking
INFO:2022-05-28 19:09:20,652:root: Listening
INFO:2022-05-28 19:09:27,090:root: Requesting callback
INFO:2022-05-28 19:09:28,496:root: Executing command:how can i help
INFO:2022-05-28 19:09:28,536:root: Getting response
INFO:2022-05-28 19:09:35,789:root: Speaking
INFO:2022-05-28 19:09:35,791:root: Listening
INFO:2022-05-28 19:09:38,168:root: Requesting callback
INFO:2022-05-28 19:09:41,932:root: Requesting callback
INFO:2022-05-28 19:09:48,988:root: Requesting callback
INFO:2022-05-28 19:10:14,692:root: Requesting callback
INFO:2022-05-28 19:10:18,703:root: Executing command:ok bye
INFO:2022-05-28 19:10:23,698:root: Speaking
INFO:2022-05-28 19:11:59,392:root: Listening
INFO:2022-05-28 19:12:02,584:root: Requesting callback
INFO:2022-05-28 19:12:11,360:root: Requesting callback
INFO:2022-05-28 19:12:18,581:root: Requesting callback
INFO:2022-05-28 19:12:27,707:root: Requesting callback
INFO:2022-05-28 19:12:38,598:root: Requesting callback
INFO:2022-05-28 19:12:47,333:root: Requesting callback
INFO:2022-05-28 19:12:59,825:root: Requesting callback
INFO:2022-05-28 19:13:41,739:root: Requesting callback
INFO:2022-05-28 19:14:00,751:root: Requesting callback
INFO:2022-05-28 19:14:52,555:root: Listening
INFO:2022-05-28 19:14:59,743:root: Requesting callback
INFO:2022-05-28 19:15:06,754:root: Requesting callback
INFO:2022-05-28 19:15:09,146:root: Requesting callback
INFO:2022-05-28 19:15:18,503:root: Requesting callback
INFO:2022-05-28 19:15:28,328:root: Requesting callback
INFO:2022-05-28 19:15:38,588:root: Requesting callback
INFO:2022-05-28 19:15:45,951:root: Requesting callback
INFO:2022-05-28 19:16:16,106:root: Listening
INFO:2022-05-28 19:16:19,414:root: Requesting callback
INFO:2022-05-28 19:16:21,505:root: Requesting callback
INFO:2022-05-28 19:16:24,008:root: Requesting callback
INFO:2022-05-28 19:16:32,647:root: Requesting callback
INFO:2022-05-28 19:16:42,540:root: Requesting callback
INFO:2022-05-28 19:16:54,128:root: Requesting callback
INFO:2022-05-28 19:17:06,340:root: Requesting callback
INFO:2022-05-28 19:17:10,054:root: Requesting callback
INFO:2022-05-28 19:17:14,884:root: Requesting callback
INFO:2022-05-28 19:17:25,843:root: Requesting callback
INFO:2022-05-28 19:17:32,859:root: Requesting callback
INFO:2022-05-28 19:17:35,268:root: Requesting callback
INFO:2022-05-28 19:17:47,928:root: Requesting callback
INFO:2022-05-28 19:17:53,126:root: Requesting callback
INFO:2022-05-28 19:17:54,590:root: Requesting callback
INFO:2022-05-28 19:17:56,377:root: Requesting callback
INFO:2022-05-28 19:17:59,466:root: Requesting callback
INFO:2022-05-28 19:18:16,648:root: Requesting callback
INFO:2022-05-28 19:18:32,878:root: Requesting callback
INFO:2022-05-28 19:19:19,396:root: Requesting callback
INFO:2022-05-28 19:19:29,195:root: Requesting callback
INFO:2022-05-28 19:19:31,542:root: Requesting callback
INFO:2022-05-28 19:19:34,118:root: Requesting callback
INFO:2022-05-28 19:19:38,738:root: Requesting callback
INFO:2022-05-28 19:19:45,287:root: Requesting callback
INFO:2022-05-28 19:19:52,301:root: Requesting callback
INFO:2022-05-28 19:20:11,296:root: Requesting callback
INFO:2022-05-28 19:20:15,194:root: Requesting callback
INFO:2022-05-28 19:20:27,083:root: Requesting callback
INFO:2022-05-28 19:20:46,890:root: Requesting callback
INFO:2022-05-28 19:21:01,216:root: Requesting callback
INFO:2022-05-28 19:21:05,696:root: Requesting callback
INFO:2022-05-28 19:21:08,854:root: Requesting callback
INFO:2022-05-28 19:21:37,206:root: Requesting callback
INFO:2022-05-28 19:21:47,353:root: Requesting callback
INFO:2022-05-28 19:22:27,477:root: Requesting callback
INFO:2022-05-28 19:22:42,080:root: Requesting callback
INFO:2022-05-28 19:23:03,490:root: Requesting callback
INFO:2022-05-28 19:23:13,429:root: Requesting callback
INFO:2022-05-28 19:23:19,556:root: Requesting callback
INFO:2022-05-28 19:23:28,151:root: Requesting callback
INFO:2022-05-28 19:23:30,841:root: Requesting callback
INFO:2022-05-28 19:23:41,313:root: Requesting callback
INFO:2022-05-28 19:24:02,816:root: Requesting callback
INFO:2022-05-28 19:24:07,736:root: Requesting callback
INFO:2022-05-28 19:24:09,246:root: Requesting callback
INFO:2022-05-28 19:24:12,543:root: Requesting callback
INFO:2022-05-28 19:24:32,701:root: Requesting callback
INFO:2022-05-28 19:24:52,039:root: Requesting callback
INFO:2022-05-28 19:24:58,772:root: Requesting callback
INFO:2022-05-28 19:25:04,995:root: Requesting callback
INFO:2022-05-28 19:25:12,122:root: Requesting callback
INFO:2022-05-28 19:25:21,388:root: Requesting callback
INFO:2022-05-28 19:25:33,068:root: Requesting callback
INFO:2022-05-28 19:25:37,850:root: Requesting callback
INFO:2022-05-28 19:25:39,824:root: Requesting callback
INFO:2022-05-28 19:26:14,493:root: Requesting callback
INFO:2022-05-28 19:26:29,955:root: Requesting callback
INFO:2022-05-28 19:26:37,294:root: Requesting callback
INFO:2022-05-28 23:41:27,426:root: Listening
INFO:2022-05-28 23:41:31,616:root: Requesting callback
INFO:2022-05-28 23:41:32,486:root: Executing command:hi baby
INFO:2022-05-28 23:41:32,577:root: Getting response
INFO:2022-05-28 23:41:33,932:root: Speaking
INFO:2022-05-28 23:41:34,023:root: Listening
INFO:2022-05-28 23:41:36,606:root: Requesting callback
INFO:2022-05-28 23:41:37,768:root: Executing command:see you again
INFO:2022-05-28 23:41:39,806:root: Speaking
INFO:2022-05-28 23:48:32,415:root: Listening
INFO:2022-05-28 23:48:34,083:root: Requesting callback
INFO:2022-05-28 23:48:36,102:root: Requesting callback
INFO:2022-05-28 23:48:36,759:root: Executing command:hi how are you
INFO:2022-05-28 23:48:36,852:root: Getting response
INFO:2022-05-28 23:48:36,852:root: Listening
INFO:2022-05-28 23:48:38,073:root: Speaking
INFO:2022-05-28 23:49:27,174:root: Listening
INFO:2022-05-28 23:49:31,131:root: Requesting callback
INFO:2022-05-28 23:49:31,858:root: Executing command:hi how are you
INFO:2022-05-28 23:49:31,951:root: Getting response
INFO:2022-05-28 23:49:36,210:root: Speaking
INFO:2022-05-28 23:49:36,293:root: Listening
INFO:2022-05-28 23:49:38,169:root: Requesting callback
INFO:2022-05-28 23:49:40,076:root: Requesting callback
INFO:2022-05-28 23:49:48,016:root: Requesting callback
INFO:2022-05-28 23:50:37,827:root: Listening
INFO:2022-05-28 23:50:41,256:root: Requesting callback
INFO:2022-05-28 23:50:42,137:root: Executing command:hi how are you
INFO:2022-05-28 23:50:42,230:root: Getting response
INFO:2022-05-28 23:50:42,231:root: Listening
INFO:2022-05-28 23:52:51,418:root: Listening
INFO:2022-05-28 23:52:55,145:root: Requesting callback
INFO:2022-05-28 23:52:55,864:root: Executing command:hi how are you
INFO:2022-05-28 23:52:55,954:root: Getting response
INFO:2022-05-28 23:52:57,210:root: Speaking
INFO:2022-05-28 23:52:59,303:root: Listening
INFO:2022-05-28 23:53:06,002:root: Requesting callback
INFO:2022-05-28 23:53:06,995:root: Executing command:tell me how is life
INFO:2022-05-28 23:53:07,033:root: Getting response
INFO:2022-05-28 23:53:07,033:root: Listening
INFO:2022-05-28 23:53:13,538:root: Speaking
INFO:2022-05-28 23:54:06,765:root: Listening
INFO:2022-05-28 23:54:09,541:root: Requesting callback
INFO:2022-05-28 23:54:10,087:root: Executing command:hi how are you
INFO:2022-05-28 23:54:10,182:root: Getting response
INFO:2022-05-28 23:54:11,886:root: Speaking
INFO:2022-05-28 23:54:11,966:root: Listening
INFO:2022-05-28 23:54:15,952:root: Requesting callback
INFO:2022-05-28 23:54:16,914:root: Executing command:see you again
INFO:2022-05-28 23:54:20,499:root: Speaking
INFO:2022-05-28 23:54:47,502:root: Listening
INFO:2022-05-28 23:54:49,487:root: Requesting callback
INFO:2022-05-28 23:54:51,436:root: Requesting callback
INFO:2022-05-28 23:54:51,903:root: Executing command:how are you doing today
INFO:2022-05-28 23:54:51,985:root: Getting response
INFO:2022-05-28 23:54:52,988:root: Speaking
INFO:2022-05-28 23:54:53,070:root: Listening
INFO:2022-05-28 23:54:57,332:root: Requesting callback
INFO:2022-05-28 23:54:58,334:root: Executing command:see you again how much talks
INFO:2022-05-28 23:54:59,463:root: Speaking
INFO:2022-05-28 23:55:18,315:root: Listening
INFO:2022-05-28 23:55:19,536:root: Requesting callback
INFO:2022-05-28 23:55:23,920:root: Requesting callback
INFO:2022-05-28 23:55:24,705:root: Executing command:hi mac
INFO:2022-05-28 23:55:24,797:root: Getting response
INFO:2022-05-28 23:55:25,682:root: Speaking
INFO:2022-05-28 23:55:25,760:root: Listening
INFO:2022-05-28 23:55:34,950:root: Requesting callback
INFO:2022-05-28 23:55:36,428:root: Executing command:see you again f*** you
INFO:2022-05-28 23:55:39,257:root: Speaking
INFO:2022-05-28 23:56:08,381:root: Listening
INFO:2022-05-28 23:56:11,365:root: Requesting callback
INFO:2022-05-28 23:56:14,409:root: Requesting callback
INFO:2022-05-28 23:56:14,830:root: Executing command:stocks
INFO:2022-05-28 23:56:16,610:root: Speaking
INFO:2022-05-28 23:56:40,025:root: Listening
INFO:2022-05-28 23:56:42,593:root: Requesting callback
INFO:2022-05-28 23:56:43,025:root: Executing command:how much stocks
INFO:2022-05-28 23:56:43,116:root: Getting response
INFO:2022-05-28 23:56:44,679:root: Speaking
INFO:2022-05-28 23:56:44,758:root: Listening
INFO:2022-05-28 23:56:46,489:root: Requesting callback
INFO:2022-05-28 23:56:48,508:root: Requesting callback
INFO:2022-05-28 23:56:51,898:root: Requesting callback
INFO:2022-05-28 23:56:52,525:root: Executing command:i am saying hello
INFO:2022-05-28 23:56:52,564:root: Getting response
INFO:2022-05-28 23:56:54,073:root: Speaking
INFO:2022-05-28 23:56:54,075:root: Listening
INFO:2022-05-28 23:56:55,318:root: Requesting callback
INFO:2022-05-28 23:56:57,639:root: Requesting callback
INFO:2022-05-28 23:57:03,906:root: Requesting callback
INFO:2022-05-28 23:57:04,794:root: Executing command:what are you talking about
INFO:2022-05-28 23:57:04,833:root: Getting response
INFO:2022-05-28 23:57:05,782:root: Speaking
INFO:2022-05-28 23:57:05,787:root: Listening
INFO:2022-05-28 23:58:23,582:root: Listening
INFO:2022-05-28 23:59:24,432:root: Listening
INFO:2022-05-28 23:59:26,535:root: Requesting callback
INFO:2022-05-28 23:59:28,510:root: Requesting callback
INFO:2022-05-28 23:59:32,662:root: Requesting callback
INFO:2022-05-28 23:59:33,404:root: Executing command:hello
INFO:2022-05-28 23:59:33,494:root: Getting response
INFO:2022-05-28 23:59:35,681:root: Requesting callback
INFO:2022-05-28 23:59:40,559:root: Requesting callback
INFO:2022-05-28 23:59:47,598:root: Requesting callback
INFO:2022-05-29 00:29:05,167:root: Listening
INFO:2022-05-29 00:29:10,284:root: Requesting callback
INFO:2022-05-29 00:29:11,103:root: Executing command:hai
INFO:2022-05-29 00:29:11,205:root: Getting response
INFO:2022-05-29 00:29:11,816:root: Speaking
INFO:2022-05-29 00:29:13,904:root: Listening
INFO:2022-05-29 00:29:16,741:root: Requesting callback
INFO:2022-05-29 00:29:17,906:root: Executing command:how much today
INFO:2022-05-29 00:29:17,939:root: Getting response
INFO:2022-05-29 00:29:18,973:root: Speaking
INFO:2022-05-29 00:29:20,982:root: Listening
INFO:2022-05-29 00:29:22,529:root: Requesting callback
INFO:2022-05-29 00:29:55,556:root: Requesting callback
INFO:2022-05-29 00:29:59,303:root: Executing command:how my stocks today
INFO:2022-05-29 00:29:59,331:root: Getting response
INFO:2022-05-29 00:29:59,958:root: Speaking
INFO:2022-05-29 00:30:01,965:root: Listening
INFO:2022-05-29 00:30:30,595:root: Listening
INFO:2022-05-29 00:30:57,512:root: Requesting callback
INFO:2022-05-29 00:31:00,821:root: Executing command:fox jumped over the lazy dog
INFO:2022-05-29 00:31:00,913:root: Getting response
INFO:2022-05-29 00:31:00,913:root: Listening
INFO:2022-05-29 00:31:02,178:root: Speaking
INFO:2022-05-29 01:03:47,565:root: Listening
INFO:2022-05-29 01:03:55,452:root: Requesting callback
INFO:2022-05-29 01:03:57,121:root: Executing command:fox hello
INFO:2022-05-29 01:03:57,206:root: Getting response
INFO:2022-05-29 01:03:57,749:root: Speaking
INFO:2022-05-29 01:03:59,826:root: Listening
INFO:2022-05-29 01:04:02,353:root: Requesting callback
INFO:2022-05-29 01:04:02,973:root: Executing command:what's the time
INFO:2022-05-29 01:04:03,012:root: Getting response
INFO:2022-05-29 01:04:03,012:root: Listening
INFO:2022-05-29 01:04:03,566:root: Speaking
INFO:2022-05-29 01:04:57,740:root: Listening
INFO:2022-05-29 01:05:03,270:root: Requesting callback
INFO:2022-05-29 01:05:04,072:root: Executing command:hai
INFO:2022-05-29 01:05:04,164:root: Getting response
INFO:2022-05-29 01:05:04,674:root: Speaking
INFO:2022-05-29 01:05:06,753:root: Listening
INFO:2022-05-29 01:05:09,354:root: Requesting callback
INFO:2022-05-29 01:05:11,123:root: Executing command:what's the time
INFO:2022-05-29 01:05:11,159:root: Getting response
INFO:2022-05-29 01:05:11,159:root: Listening
INFO:2022-05-29 01:05:11,713:root: Speaking
INFO:2022-05-29 01:05:43,348:root: Listening
INFO:2022-05-29 01:05:46,999:root: Requesting callback
INFO:2022-05-29 01:05:47,510:root: Executing command:hello
INFO:2022-05-29 01:05:47,601:root: Getting response
INFO:2022-05-29 01:05:48,157:root: Speaking
INFO:2022-05-29 01:05:50,240:root: Listening
INFO:2022-05-29 01:05:53,224:root: Requesting callback
INFO:2022-05-29 01:06:04,286:root: Executing command:pharma stocks
INFO:2022-05-29 01:06:04,323:root: Getting response
INFO:2022-05-29 01:06:04,863:root: Speaking
INFO:2022-05-29 01:06:06,870:root: Listening
INFO:2022-05-29 01:06:08,763:root: Requesting callback
INFO:2022-05-29 01:06:19,709:root: Requesting callback
INFO:2022-05-29 01:06:21,303:root: Executing command:hawa my stocks
INFO:2022-05-29 01:06:21,342:root: Getting response
INFO:2022-05-29 01:06:21,887:root: Speaking
INFO:2022-05-29 01:06:23,897:root: Listening
INFO:2022-05-29 01:06:36,529:root: Requesting callback
INFO:2022-05-29 01:06:37,317:root: Executing command:ok what else
INFO:2022-05-29 01:06:37,355:root: Getting response
INFO:2022-05-29 01:06:37,938:root: Speaking
INFO:2022-05-29 01:06:39,945:root: Listening
INFO:2022-05-29 01:06:41,472:root: Requesting callback
INFO:2022-05-29 01:12:37,696:root: Listening
INFO:2022-05-29 01:12:42,269:root: Requesting callback
INFO:2022-05-29 01:12:43,006:root: Executing command:hi gaya
INFO:2022-05-29 01:12:43,099:root: Getting response
INFO:2022-05-29 01:12:44,182:root: Speaking
INFO:2022-05-29 01:12:46,268:root: Listening
INFO:2022-05-29 01:12:49,622:root: Requesting callback
INFO:2022-05-29 01:12:50,330:root: Executing command:how is life
INFO:2022-05-29 01:12:50,366:root: Getting response
INFO:2022-05-29 01:12:50,965:root: Speaking
INFO:2022-05-29 01:12:52,972:root: Listening
INFO:2022-05-29 01:12:54,669:root: Requesting callback
INFO:2022-05-29 01:12:59,724:root: Requesting callback
INFO:2022-05-29 01:13:01,068:root: Requesting callback
INFO:2022-05-29 01:13:01,757:root: Executing command:commission
INFO:2022-05-29 01:13:01,798:root: Getting response
INFO:2022-05-29 01:13:02,343:root: Speaking
INFO:2022-05-29 01:13:04,351:root: Listening
INFO:2022-05-29 01:13:07,457:root: Requesting callback
INFO:2022-05-29 01:13:08,238:root: Executing command:tell me something
INFO:2022-05-29 01:13:08,275:root: Getting response
INFO:2022-05-29 01:13:08,276:root: Listening
INFO:2022-05-29 01:13:08,279:root: Speaking
INFO:2022-05-29 01:16:22,695:root: Listening
INFO:2022-05-29 01:16:26,955:root: Requesting callback
INFO:2022-05-29 01:16:27,609:root: Executing command:hai
INFO:2022-05-29 01:16:27,700:root: Getting response
INFO:2022-05-29 01:16:28,230:root: Speaking
INFO:2022-05-29 01:16:30,313:root: Listening
INFO:2022-05-29 01:16:33,096:root: Requesting callback
INFO:2022-05-29 01:16:43,469:root: Requesting callback
INFO:2022-05-29 01:16:57,865:root: Requesting callback
INFO:2022-05-29 01:17:01,067:root: Requesting callback
INFO:2022-05-29 01:17:15,530:root: Requesting callback
INFO:2022-05-29 01:17:16,165:root: Executing command:hello
INFO:2022-05-29 01:17:16,202:root: Getting response
INFO:2022-05-29 01:17:16,740:root: Speaking
INFO:2022-05-29 01:17:18,747:root: Listening
INFO:2022-05-29 01:17:20,284:root: Requesting callback
INFO:2022-05-29 01:22:19,661:root: Listening
INFO:2022-05-29 01:22:48,908:root: Requesting callback
INFO:2022-05-29 01:22:51,438:root: Executing command:hello
INFO:2022-05-29 01:22:52,879:root: Getting response
INFO:2022-05-29 01:22:53,960:root: Speaking
INFO:2022-05-29 01:22:56,040:root: Listening
INFO:2022-05-29 01:23:01,646:root: Requesting callback
INFO:2022-05-29 01:23:02,363:root: Executing command:what took you so long
INFO:2022-05-29 01:23:02,401:root: Getting response
INFO:2022-05-29 01:23:04,021:root: Speaking
INFO:2022-05-29 01:23:06,030:root: Listening
INFO:2022-05-29 01:23:07,559:root: Requesting callback
INFO:2022-05-29 01:24:14,043:root: Listening
INFO:2022-05-29 01:24:38,470:root: Requesting callback
INFO:2022-05-29 01:24:40,633:root: Executing command:hello hi
INFO:2022-05-29 01:24:42,764:root: Getting response
INFO:2022-05-29 01:24:43,129:root: Speaking
INFO:2022-05-29 01:24:45,233:root: Listening
INFO:2022-05-29 01:24:52,080:root: Requesting callback
INFO:2022-05-29 01:25:35,594:root: Listening
INFO:2022-05-29 01:25:38,518:root: Requesting callback
INFO:2022-05-29 01:25:39,490:root: Executing command:ok how are you
INFO:2022-05-29 01:25:40,959:root: Getting response
INFO:2022-05-29 01:25:42,039:root: Speaking
INFO:2022-05-29 01:25:44,119:root: Listening
INFO:2022-05-29 01:25:48,244:root: Requesting callback
INFO:2022-05-29 01:25:49,172:root: Executing command:so i have to speak up with loud
INFO:2022-05-29 01:25:49,210:root: Getting response
INFO:2022-05-29 01:25:49,750:root: Speaking
INFO:2022-05-29 01:25:51,755:root: Listening
INFO:2022-05-29 01:25:53,306:root: Requesting callback
INFO:2022-05-29 01:26:00,597:root: Requesting callback
INFO:2022-05-29 01:26:02,072:root: Executing command:how long should i be
INFO:2022-05-29 01:26:02,109:root: Getting response
INFO:2022-05-29 01:26:03,152:root: Speaking
INFO:2022-05-29 01:26:05,163:root: Listening
INFO:2022-05-29 01:26:08,722:root: Requesting callback
INFO:2022-05-29 01:26:09,341:root: Executing command:how loud should i do
INFO:2022-05-29 01:26:09,378:root: Getting response
INFO:2022-05-29 01:26:09,934:root: Speaking
INFO:2022-05-29 01:26:11,943:root: Listening
INFO:2022-05-29 01:26:13,711:root: Requesting callback
INFO:2022-05-29 01:26:18,514:root: Requesting callback
INFO:2022-05-29 01:26:19,272:root: Executing command:set volume
INFO:2022-05-29 01:38:18,325:root: Listening
INFO:2022-05-29 01:38:21,721:root: Requesting callback
INFO:2022-05-29 01:38:22,325:root: Executing command:hello
INFO:2022-05-29 01:38:23,865:root: Getting response
INFO:2022-05-29 01:38:24,473:root: Speaking
INFO:2022-05-29 01:38:26,556:root: Listening
INFO:2022-05-29 01:38:29,669:root: Requesting callback
INFO:2022-05-29 01:38:30,625:root: Executing command:how are you doing today
INFO:2022-05-29 01:38:30,660:root: Getting response
INFO:2022-05-29 01:38:31,202:root: Speaking
INFO:2022-05-29 01:38:33,210:root: Listening
INFO:2022-05-29 01:38:34,925:root: Requesting callback
INFO:2022-05-29 01:38:41,712:root: Requesting callback
INFO:2022-05-29 01:38:43,077:root: Executing command:how are you doing kutiya
INFO:2022-05-29 01:38:43,114:root: Getting response
INFO:2022-05-29 01:38:43,693:root: Speaking
INFO:2022-05-29 01:38:45,702:root: Listening
INFO:2022-05-29 01:38:49,062:root: Requesting callback
INFO:2022-05-29 01:38:49,756:root: Executing command:tamil joke
INFO:2022-05-29 01:38:49,793:root: Getting response
INFO:2022-05-29 01:38:50,340:root: Speaking
INFO:2022-05-29 01:38:52,344:root: Listening
INFO:2022-05-29 01:38:54,495:root: Requesting callback
INFO:2022-05-29 01:39:00,001:root: Requesting callback
INFO:2022-05-29 01:39:00,945:root: Executing command:tell me a joke
INFO:2022-05-29 01:39:00,980:root: Getting response
INFO:2022-05-29 01:39:00,980:root: Listening
INFO:2022-05-29 01:39:01,527:root: Speaking
INFO:2022-05-29 01:40:24,387:root: Listening
INFO:2022-05-29 01:40:31,399:root: Requesting callback
INFO:2022-05-29 01:40:34,625:root: Executing command:how are you
INFO:2022-05-29 01:40:36,074:root: Getting response
INFO:2022-05-29 01:40:37,157:root: Speaking
INFO:2022-05-29 01:40:39,225:root: Listening
INFO:2022-05-29 01:40:42,524:root: Requesting callback
INFO:2022-05-29 01:40:48,308:root: Executing command:tell me a joke
INFO:2022-05-29 01:40:48,346:root: Getting response
INFO:2022-05-29 01:40:48,346:root: Listening
INFO:2022-05-29 01:40:48,920:root: Speaking
INFO:2022-05-29 01:41:48,152:root: Listening
INFO:2022-05-29 01:41:51,540:root: Requesting callback
INFO:2022-05-29 01:42:00,947:root: Requesting callback
INFO:2022-05-29 01:42:01,358:root: Executing command:hello
INFO:2022-05-29 01:42:02,823:root: Getting response
INFO:2022-05-29 01:42:03,056:root: Speaking
INFO:2022-05-29 01:42:05,134:root: Listening
INFO:2022-05-29 01:42:08,180:root: Requesting callback
INFO:2022-05-29 01:42:08,846:root: Executing command:what's the time
INFO:2022-05-29 01:42:09,456:root: Speaking
INFO:2022-05-29 01:42:11,464:root: Getting response
INFO:2022-05-29 01:42:11,464:root: Listening
INFO:2022-05-29 01:42:13,684:root: Requesting callback
INFO:2022-05-29 01:42:17,652:root: Requesting callback
INFO:2022-05-29 01:42:18,568:root: Executing command:purnia chowk
INFO:2022-05-29 01:42:18,602:root: Getting response
INFO:2022-05-29 01:42:19,183:root: Speaking
INFO:2022-05-29 01:42:21,192:root: Listening
INFO:2022-05-29 01:42:29,291:root: Requesting callback
INFO:2022-05-29 01:42:30,019:root: Executing command:tell me a joke
INFO:2022-05-29 01:42:30,610:root: Speaking
INFO:2022-05-29 01:42:32,614:root: Getting response
INFO:2022-05-29 01:42:32,614:root: Listening
INFO:2022-05-29 01:42:34,126:root: Requesting callback
INFO:2022-05-29 01:43:15,409:root: Listening
INFO:2022-05-29 01:43:17,065:root: Requesting callback
INFO:2022-05-29 01:43:22,374:root: Requesting callback
INFO:2022-05-29 01:43:23,248:root: Executing command:hai
INFO:2022-05-29 01:43:24,694:root: Getting response
INFO:2022-05-29 01:43:25,759:root: Speaking
INFO:2022-05-29 01:43:27,839:root: Listening
INFO:2022-05-29 01:43:31,008:root: Requesting callback
INFO:2022-05-29 01:43:31,854:root: Executing command:life
INFO:2022-05-29 01:43:31,889:root: Getting response
INFO:2022-05-29 01:43:32,479:root: Speaking
INFO:2022-05-29 01:43:34,484:root: Listening
INFO:2022-05-29 01:43:36,514:root: Requesting callback
INFO:2022-05-29 01:43:37,985:root: Requesting callback
INFO:2022-05-29 01:43:38,742:root: Executing command:joke
INFO:2022-05-29 01:43:38,778:root: Getting response
INFO:2022-05-29 01:43:39,334:root: Speaking
INFO:2022-05-29 01:43:41,342:root: Listening
INFO:2022-05-29 01:43:46,551:root: Requesting callback
INFO:2022-05-29 01:43:47,505:root: Executing command:tamil joke
INFO:2022-05-29 01:43:47,543:root: Getting response
INFO:2022-05-29 01:43:48,600:root: Speaking
INFO:2022-05-29 01:43:50,605:root: Listening
INFO:2022-05-29 01:43:52,336:root: Requesting callback
INFO:2022-05-29 06:40:58,217:root: Listening
INFO:2022-05-29 06:42:23,318:root: Listening
INFO:2022-05-29 17:57:45,788:root: Listening
INFO:2022-05-29 17:57:53,302:root: Requesting callback
INFO:2022-05-29 17:57:53,697:root: Executing command:how are you
INFO:2022-05-29 17:57:55,208:root: Getting response
INFO:2022-05-29 17:57:55,209:root: Speaking
INFO:2022-05-29 17:57:57,291:root: Listening
INFO:2022-05-29 17:57:59,944:root: Requesting callback
INFO:2022-05-29 17:58:00,493:root: Executing command:hello
INFO:2022-05-29 17:58:00,528:root: Getting response
INFO:2022-05-29 17:58:00,528:root: Speaking
INFO:2022-05-29 17:58:02,533:root: Listening
INFO:2022-05-29 17:58:05,961:root: Requesting callback
INFO:2022-05-29 17:58:07,072:root: Executing command:patatas light
INFO:2022-05-29 17:58:07,109:root: Getting response
INFO:2022-05-29 17:58:07,109:root: Speaking
INFO:2022-05-29 17:58:09,116:root: Listening
INFO:2022-05-29 17:58:13,094:root: Requesting callback
INFO:2022-05-29 17:58:14,040:root: Executing command:what's up how's life
INFO:2022-05-29 17:58:14,075:root: Getting response
INFO:2022-05-29 17:58:14,075:root: Speaking
INFO:2022-05-29 17:58:16,078:root: Listening
INFO:2022-05-29 17:58:17,412:root: Requesting callback
INFO:2022-05-29 17:58:20,164:root: Requesting callback
INFO:2022-05-29 17:58:22,028:root: Executing command:don't know what to say
INFO:2022-05-29 17:58:22,063:root: Getting response
INFO:2022-05-29 17:58:22,063:root: Speaking
INFO:2022-05-29 17:58:24,071:root: Listening
INFO:2022-05-29 17:58:35,468:root: Requesting callback
INFO:2022-05-29 17:58:40,074:root: Requesting callback
INFO:2022-05-29 17:58:40,676:root: Executing command:ok
INFO:2022-05-29 17:58:40,713:root: Getting response
INFO:2022-05-29 17:58:40,713:root: Speaking
INFO:2022-05-29 17:58:42,718:root: Listening
INFO:2022-05-29 17:58:45,602:root: Requesting callback
INFO:2022-05-29 17:58:46,016:root: Executing command:ok bye
INFO:2022-05-29 17:58:46,051:root: Speaking
INFO:2022-05-29 17:59:50,590:root: Listening
INFO:2022-05-29 17:59:53,585:root: Requesting callback
INFO:2022-05-29 17:59:54,278:root: Executing command:what's the time
INFO:2022-05-29 17:59:55,710:root: Speaking
INFO:2022-05-29 17:59:57,780:root: Getting response
INFO:2022-05-29 17:59:57,780:root: Listening
INFO:2022-05-29 18:00:00,344:root: Requesting callback
INFO:2022-05-29 18:00:01,943:root: Requesting callback
INFO:2022-05-29 18:00:50,306:root: Listening
INFO:2022-05-29 18:00:53,453:root: Requesting callback
INFO:2022-05-29 18:00:54,205:root: Executing command:what's the time
INFO:2022-05-29 18:00:55,664:root: Speaking
INFO:2022-05-29 18:00:57,734:root: Getting response
INFO:2022-05-29 18:00:57,734:root: Listening
INFO:2022-05-29 18:01:01,635:root: Requesting callback
INFO:2022-05-29 18:01:02,594:root: Executing command:tell me a joke
INFO:2022-05-29 18:01:02,627:root: Speaking
INFO:2022-05-29 18:01:04,634:root: Getting response
INFO:2022-05-29 18:01:04,634:root: Listening
INFO:2022-05-29 18:22:23,433:root: Listening
INFO:2022-05-29 18:22:40,040:root: Listening
INFO:2022-05-29 18:22:46,630:root: Requesting callback
INFO:2022-05-29 18:22:55,141:root: Requesting callback
INFO:2022-05-29 18:22:55,775:root: Executing command:hello
INFO:2022-05-29 18:22:57,264:root: Getting response
INFO:2022-05-29 18:23:28,227:root: Listening
INFO:2022-05-29 18:23:32,091:root: Requesting callback
INFO:2022-05-29 18:23:32,853:root: Executing command:hello
INFO:2022-05-29 18:23:34,319:root: Getting response
INFO:2022-05-29 18:23:34,319:root: Speaking
INFO:2022-05-29 18:23:36,392:root: Listening
INFO:2022-05-29 18:23:39,862:root: Requesting callback
INFO:2022-05-29 18:23:40,889:root: Executing command:how are you doing today
INFO:2022-05-29 18:23:40,923:root: Getting response
INFO:2022-05-29 18:23:40,923:root: Speaking
INFO:2022-05-29 18:23:42,931:root: Listening
INFO:2022-05-29 18:23:46,348:root: Requesting callback
INFO:2022-05-29 18:23:47,179:root: Executing command:what's the time
INFO:2022-05-29 18:23:47,208:root: Getting response
INFO:2022-05-29 18:23:47,209:root: Listening
INFO:2022-05-29 18:23:47,209:root: Speaking
INFO:2022-05-29 18:30:58,821:root: Listening
INFO:2022-05-29 18:31:03,086:root: Requesting callback
INFO:2022-05-29 18:31:03,558:root: Executing command:tiger
INFO:2022-05-29 18:31:05,025:root: Getting response
INFO:2022-05-29 18:31:05,026:root: Speaking
INFO:2022-05-29 18:31:08,098:root: Listening
INFO:2022-05-29 18:31:11,094:root: Requesting callback
INFO:2022-05-29 18:31:21,859:root: Executing command:how is life
INFO:2022-05-29 18:31:21,891:root: Getting response
INFO:2022-05-29 18:31:21,892:root: Speaking
INFO:2022-05-29 18:31:24,898:root: Listening
INFO:2022-05-29 18:31:31,340:root: Requesting callback
INFO:2022-05-29 18:31:40,747:root: Executing command:what's the time
INFO:2022-05-29 18:31:40,782:root: Getting response
INFO:2022-05-29 18:31:40,782:root: Listening
INFO:2022-05-29 18:31:40,783:root: Speaking
INFO:2022-05-29 18:31:47,404:root: Requesting callback
INFO:2022-05-29 18:46:50,857:root: Listening
INFO:2022-05-29 18:46:58,817:root: Requesting callback
INFO:2022-05-29 18:47:03,619:root: Requesting callback
INFO:2022-05-29 18:47:13,795:root: Requesting callback
INFO:2022-05-29 18:47:29,748:root: Executing command:hai
INFO:2022-05-29 18:47:38,240:root: Requesting callback
INFO:2022-05-29 18:47:59,577:root: Requesting callback
INFO:2022-05-29 18:48:13,907:root: Requesting callback
INFO:2022-05-29 18:48:49,283:root: Requesting callback
INFO:2022-05-29 18:49:59,746:root: Requesting callback
INFO:2022-05-29 18:50:58,820:root: Requesting callback
INFO:2022-05-29 18:51:51,431:root: Requesting callback
INFO:2022-05-29 18:52:04,743:root: Requesting callback
INFO:2022-05-29 18:52:06,024:root: Requesting callback
INFO:2022-05-29 18:52:15,300:root: Requesting callback
INFO:2022-05-29 18:52:21,767:root: Requesting callback
INFO:2022-05-29 18:52:23,557:root: Requesting callback
INFO:2022-05-29 18:52:48,540:root: Getting response
INFO:2022-05-29 18:52:49,284:root: Requesting callback
INFO:2022-05-29 18:52:57,040:root: Speaking
INFO:2022-05-29 18:53:29,358:root: Listening
INFO:2022-05-29 18:54:16,922:root: Requesting callback
INFO:2022-05-29 18:54:21,911:root: Requesting callback
INFO:2022-05-29 18:54:24,855:root: Requesting callback
INFO:2022-05-29 18:54:29,846:root: Requesting callback
INFO:2022-05-29 18:54:34,074:root: Requesting callback
INFO:2022-05-29 18:54:40,729:root: Requesting callback
INFO:2022-05-29 18:54:53,822:root: Executing command:how are you
INFO:2022-05-29 18:55:29,183:root: Getting response
INFO:2022-05-29 18:55:33,300:root: Speaking
INFO:2022-05-29 18:56:09,322:root: Listening
INFO:2022-05-29 18:56:14,847:root: Requesting callback
INFO:2022-05-29 18:56:19,770:root: Requesting callback
INFO:2022-05-29 18:56:27,296:root: Executing command:ayodhya
INFO:2022-05-29 18:56:30,395:root: Requesting callback
INFO:2022-05-29 18:56:34,939:root: Requesting callback
INFO:2022-05-29 18:56:41,598:root: Getting response
INFO:2022-05-29 18:57:06,880:root: Requesting callback
INFO:2022-05-29 18:57:12,584:root: Speaking
INFO:2022-05-29 18:57:51,442:root: Listening
INFO:2022-05-29 18:57:55,729:root: Requesting callback
INFO:2022-05-29 18:57:57,968:root: Requesting callback
INFO:2022-05-29 18:58:05,200:root: Requesting callback
INFO:2022-05-29 18:58:09,618:root: Requesting callback
INFO:2022-05-29 18:58:11,666:root: Requesting callback
INFO:2022-05-29 18:58:14,418:root: Requesting callback
INFO:2022-05-29 18:58:15,954:root: Requesting callback
INFO:2022-05-29 18:58:18,512:root: Requesting callback
INFO:2022-05-29 18:58:19,668:root: Requesting callback
INFO:2022-05-29 18:58:24,722:root: Requesting callback
INFO:2022-05-29 18:58:24,881:root: Executing command:how much stocks
INFO:2022-05-29 18:58:29,521:root: Requesting callback
INFO:2022-05-29 18:58:37,971:root: Requesting callback
INFO:2022-05-29 18:58:40,342:root: Requesting callback
INFO:2022-05-29 18:58:43,283:root: Requesting callback
INFO:2022-05-29 18:58:47,700:root: Requesting callback
INFO:2022-05-29 18:58:50,581:root: Requesting callback
INFO:2022-05-29 18:58:52,561:root: Requesting callback
INFO:2022-05-29 18:58:56,551:root: Getting response
INFO:2022-05-29 18:59:09,204:root: Speaking
INFO:2022-05-29 18:59:25,343:root: Listening
INFO:2022-05-29 18:59:32,866:root: Requesting callback
INFO:2022-05-29 18:59:38,241:root: Requesting callback
INFO:2022-05-29 18:59:51,041:root: Requesting callback
INFO:2022-05-29 18:59:55,648:root: Requesting callback
INFO:2022-05-29 18:59:59,606:root: Executing command:hawa my stocks
INFO:2022-05-29 19:00:01,155:root: Requesting callback
INFO:2022-05-29 19:00:14,340:root: Requesting callback
INFO:2022-05-29 19:00:22,530:root: Requesting callback
INFO:2022-05-29 19:00:24,256:root: Requesting callback
INFO:2022-05-29 19:00:30,273:root: Requesting callback
INFO:2022-05-29 19:00:44,417:root: Requesting callback
INFO:2022-05-29 19:00:51,333:root: Requesting callback
INFO:2022-05-29 19:00:55,921:root: Getting response
INFO:2022-05-29 19:00:59,536:root: Speaking
INFO:2022-05-29 19:01:14,002:root: Listening
INFO:2022-05-29 19:01:18,600:root: Requesting callback
INFO:2022-05-29 19:01:24,104:root: Requesting callback
INFO:2022-05-29 19:01:31,786:root: Requesting callback
INFO:2022-05-29 19:01:43,679:root: Executing command:how much stocks
INFO:2022-05-29 19:01:46,887:root: Requesting callback
INFO:2022-05-29 19:01:52,233:root: Getting response
INFO:2022-05-29 19:01:55,211:root: Speaking
INFO:2022-05-29 19:02:11,765:root: Listening
INFO:2022-05-29 19:02:16,073:root: Requesting callback
INFO:2022-05-29 19:02:19,504:root: Executing command:hai
INFO:2022-05-29 19:02:24,199:root: Requesting callback
INFO:2022-05-29 19:02:31,114:root: Requesting callback
INFO:2022-05-29 19:02:40,302:root: Getting response
INFO:2022-05-29 19:02:41,480:root: Requesting callback
INFO:2022-05-29 19:02:42,419:root: Speaking
INFO:2022-05-29 19:02:52,021:root: Listening
INFO:2022-05-29 19:02:58,229:root: Requesting callback
INFO:2022-05-29 19:03:04,216:root: Executing command:welcome to india
INFO:2022-05-29 19:03:24,976:root: Requesting callback
INFO:2022-05-29 19:03:28,439:root: Getting response
INFO:2022-05-29 19:03:33,620:root: Requesting callback
INFO:2022-05-29 19:03:34,773:root: Requesting callback
INFO:2022-05-29 19:03:37,523:root: Requesting callback
INFO:2022-05-29 19:03:43,413:root: Requesting callback
INFO:2022-05-29 19:03:52,742:root: Speaking
INFO:2022-05-29 19:04:39,494:root: Listening
INFO:2022-05-29 19:04:44,462:root: Requesting callback
INFO:2022-05-29 19:04:47,916:root: Requesting callback
INFO:2022-05-29 19:04:50,043:root: Executing command:tell me a joke
INFO:2022-05-29 19:04:50,223:root: Requesting callback
INFO:2022-05-29 19:04:52,529:root: Requesting callback
INFO:2022-05-29 19:04:54,507:root: Requesting callback
INFO:2022-05-29 19:05:37,197:root: Requesting callback
INFO:2022-05-29 19:05:49,233:root: Requesting callback
INFO:2022-05-29 19:06:44,653:root: Requesting callback
INFO:2022-05-29 19:07:37,979:root: Speaking
INFO:2022-05-29 19:07:43,440:root: Getting response
INFO:2022-05-29 19:07:45,797:root: Listening
INFO:2022-05-29 19:07:52,434:root: Requesting callback
INFO:2022-05-29 19:08:00,180:root: Requesting callback
INFO:2022-05-29 19:08:06,643:root: Requesting callback
INFO:2022-05-29 19:08:07,881:root: Executing command:what's the time
INFO:2022-05-29 19:08:47,307:root: Speaking
INFO:2022-05-29 19:08:56,078:root: Getting response
INFO:2022-05-29 19:08:57,924:root: Listening
INFO:2022-05-29 19:09:01,899:root: Requesting callback
INFO:2022-05-29 19:09:05,227:root: Requesting callback
INFO:2022-05-29 19:09:10,241:root: Executing command:what's the time
INFO:2022-05-29 19:09:25,304:root: Speaking
INFO:2022-05-29 19:09:31,795:root: Getting response
INFO:2022-05-29 19:09:33,055:root: Listening
INFO:2022-05-29 19:09:36,702:root: Requesting callback
INFO:2022-05-29 19:09:42,334:root: Requesting callback
INFO:2022-05-29 19:09:44,315:root: Requesting callback
INFO:2022-05-29 19:10:01,598:root: Requesting callback
INFO:2022-05-29 19:10:06,749:root: Executing command:what's the score
INFO:2022-05-29 19:10:22,466:root: Requesting callback
INFO:2022-05-29 19:10:25,490:root: Speaking
INFO:2022-05-29 19:10:35,100:root: Getting response
INFO:2022-05-29 19:10:36,357:root: Listening
INFO:2022-05-29 19:10:41,010:root: Requesting callback
INFO:2022-05-29 19:10:46,197:root: Requesting callback
INFO:2022-05-29 19:10:50,358:root: Requesting callback
INFO:2022-05-29 19:10:55,412:root: Requesting callback
INFO:2022-05-29 19:10:58,676:root: Requesting callback
INFO:2022-05-29 19:11:04,563:root: Requesting callback
INFO:2022-05-29 19:11:06,139:root: Executing command:how's my hair
INFO:2022-05-29 19:11:32,023:root: Requesting callback
INFO:2022-05-29 19:11:32,205:root: Speaking
INFO:2022-05-29 19:11:48,003:root: Getting response
INFO:2022-05-29 19:11:50,673:root: Listening
INFO:2022-05-29 19:13:04,653:root: Requesting callback
INFO:2022-05-29 19:13:08,691:root: Requesting callback
INFO:2022-05-29 19:13:08,905:root: Executing command:what is nothing app
INFO:2022-05-29 19:13:25,256:root: Getting response
INFO:2022-05-29 19:13:28,035:root: Speaking
INFO:2022-05-29 19:13:54,532:root: Listening
INFO:2022-05-29 19:13:58,555:root: Requesting callback
INFO:2022-05-29 19:14:02,009:root: Requesting callback
INFO:2022-05-29 19:14:10,202:root: Requesting callback
INFO:2022-05-29 19:14:17,823:root: Executing command:set name
INFO:2022-05-29 19:14:21,914:root: Requesting callback
INFO:2022-05-29 19:14:25,497:root: Requesting callback
INFO:2022-05-29 19:14:59,612:root: Requesting callback
INFO:2022-05-29 19:15:02,813:root: Requesting callback
INFO:2022-05-29 19:15:02,988:root: Speaking
INFO:2022-05-29 19:15:18,791:root: Getting response
INFO:2022-05-29 19:15:26,874:root: Listening
INFO:2022-05-29 19:15:31,409:root: Requesting callback
INFO:2022-05-29 19:16:18,259:root: Requesting callback
INFO:2022-05-29 19:16:36,691:root: Requesting callback
INFO:2022-05-29 19:16:40,214:root: Requesting callback
INFO:2022-05-29 19:17:06,771:root: Requesting callback
INFO:2022-05-29 19:24:49,025:root: Listening
INFO:2022-05-29 19:24:56,742:root: Requesting callback
INFO:2022-05-29 19:24:59,227:root: Executing command:contact
INFO:2022-05-29 19:25:00,690:root: Getting response
INFO:2022-05-29 19:25:00,690:root: Speaking
INFO:2022-05-29 19:25:03,763:root: Listening
INFO:2022-05-29 19:25:05,067:root: Requesting callback
INFO:2022-05-29 19:25:05,679:root: Executing command:time
INFO:2022-05-29 19:25:05,712:root: Getting response
INFO:2022-05-29 19:25:05,712:root: Listening
INFO:2022-05-29 19:25:05,712:root: Speaking
INFO:2022-05-29 19:25:06,795:root: Requesting callback
INFO:2022-05-29 19:25:07,465:root: Executing command:what's the time
INFO:2022-05-29 19:25:07,498:root: Getting response
INFO:2022-05-29 19:25:07,498:root: Listening
INFO:2022-05-29 19:25:08,720:root: Speaking
INFO:2022-05-29 19:25:16,335:root: Requesting callback
INFO:2022-05-29 19:25:17,353:root: Executing command:why am i getting an exception
INFO:2022-05-29 19:25:17,388:root: Getting response
INFO:2022-05-29 19:25:17,390:root: Speaking
INFO:2022-05-29 19:25:20,396:root: Listening
INFO:2022-05-29 19:25:35,146:root: Requesting callback
INFO:2022-05-29 19:25:36,244:root: Executing command:where is red 7
INFO:2022-05-29 19:25:36,279:root: Getting response
INFO:2022-05-29 19:25:36,279:root: Speaking
INFO:2022-05-29 19:25:39,286:root: Listening
INFO:2022-05-29 19:25:47,436:root: Requesting callback
INFO:2022-05-29 19:25:50,818:root: Executing command:software to run and getting this
INFO:2022-05-29 19:25:50,874:root: Getting response
INFO:2022-05-29 19:25:50,874:root: Speaking
INFO:2022-05-29 19:25:51,536:root: Requesting callback
INFO:2022-05-29 19:25:53,881:root: Listening
INFO:2022-05-29 19:26:07,022:root: Requesting callback
INFO:2022-05-29 19:30:54,947:root: Listening
INFO:2022-05-29 19:30:59,648:root: Requesting callback
INFO:2022-05-29 19:31:00,416:root: Executing command:how's life
INFO:2022-05-29 19:31:01,883:root: Getting response
INFO:2022-05-29 19:31:01,883:root: Speaking
INFO:2022-05-29 19:31:04,954:root: Listening
INFO:2022-05-29 19:31:09,270:root: Requesting callback
INFO:2022-05-29 19:31:10,508:root: Executing command:asam mein tell me about my stocks
INFO:2022-05-29 19:31:10,552:root: Getting response
INFO:2022-05-29 19:31:10,552:root: Listening
INFO:2022-05-29 19:31:10,553:root: Speaking
INFO:2022-05-29 19:31:18,482:root: Requesting callback
INFO:2022-05-29 19:31:27,956:root: Requesting callback
INFO:2022-05-29 19:31:29,878:root: Executing command:hello
INFO:2022-05-29 19:31:29,914:root: Getting response
INFO:2022-05-29 19:31:29,914:root: Speaking
INFO:2022-05-29 19:31:32,922:root: Listening
INFO:2022-05-29 19:38:56,227:root: Listening
INFO:2022-05-29 19:38:57,286:root: Requesting callback
INFO:2022-05-29 19:39:03,371:root: Requesting callback
INFO:2022-05-29 19:39:06,833:root: Executing command:hello there
INFO:2022-05-29 19:39:08,316:root: Getting response
INFO:2022-05-29 19:39:08,316:root: Speaking
INFO:2022-05-29 19:39:11,387:root: Listening
INFO:2022-05-29 19:40:12,418:root: Listening
INFO:2022-05-29 19:58:17,828:root: Listening
INFO:2022-05-29 19:58:21,066:root: Requesting callback
INFO:2022-05-29 19:58:21,553:root: Executing command:good morning
INFO:2022-05-29 19:58:23,018:root: Getting response
INFO:2022-05-29 19:58:23,018:root: Speaking
INFO:2022-05-29 19:58:26,089:root: Listening
INFO:2022-05-29 19:58:29,527:root: Requesting callback
INFO:2022-05-29 19:58:30,154:root: Executing command:exchange your name
INFO:2022-05-29 19:58:30,192:root: Getting response
INFO:2022-05-29 19:58:30,192:root: Listening
INFO:2022-05-29 19:58:30,192:root: Speaking
INFO:2022-05-29 19:58:40,021:root: Requesting callback
INFO:2022-05-29 19:58:40,905:root: Executing command:agar possible to put another name
INFO:2022-05-29 19:58:40,942:root: Getting response
INFO:2022-05-29 19:58:40,942:root: Listening
INFO:2022-05-29 19:58:48,789:root: Requesting callback
INFO:2022-05-29 19:59:59,244:root: Listening
INFO:2022-05-29 20:00:02,618:root: Requesting callback
INFO:2022-05-29 20:00:03,240:root: Executing command:good morning
INFO:2022-05-29 20:00:04,605:root: Requesting callback
INFO:2022-05-29 20:00:04,695:root: Getting response
INFO:2022-05-29 20:00:05,039:root: Speaking
INFO:2022-05-29 20:00:08,120:root: Listening
INFO:2022-05-29 20:00:10,713:root: Requesting callback
INFO:2022-05-29 20:00:11,003:root: Executing command:what's the time
INFO:2022-05-29 20:00:11,041:root: Getting response
INFO:2022-05-29 20:00:11,041:root: Listening
INFO:2022-05-29 20:00:11,864:root: Speaking
INFO:2022-05-29 20:01:45,826:root: Listening
INFO:2022-05-29 20:01:49,373:root: Requesting callback
INFO:2022-05-29 20:01:49,842:root: Executing command:max
INFO:2022-05-29 20:01:51,287:root: Getting response
INFO:2022-05-29 20:01:51,545:root: Speaking
INFO:2022-05-29 20:01:54,623:root: Listening
INFO:2022-05-29 20:01:58,062:root: Requesting callback
INFO:2022-05-29 20:01:59,060:root: Executing command:what's the time
INFO:2022-05-29 20:01:59,652:root: Speaking
INFO:2022-05-29 20:02:02,655:root: Getting response
INFO:2022-05-29 20:02:02,656:root: Listening
INFO:2022-05-29 20:02:04,313:root: Requesting callback
INFO:2022-05-29 20:02:11,357:root: Requesting callback
INFO:2022-05-29 20:02:12,268:root: Executing command:what's the time
INFO:2022-05-29 20:02:12,877:root: Speaking
INFO:2022-05-29 20:02:15,883:root: Getting response
INFO:2022-05-29 20:02:15,884:root: Listening
INFO:2022-05-29 20:02:21,046:root: Requesting callback
INFO:2022-05-29 20:02:21,973:root: Executing command:can you tell me a joke
INFO:2022-05-29 20:02:22,568:root: Speaking
INFO:2022-05-29 20:02:25,571:root: Getting response
INFO:2022-05-29 20:02:25,572:root: Listening
INFO:2022-05-29 20:02:32,321:root: Requesting callback
INFO:2022-05-29 20:02:36,930:root: Requesting callback
INFO:2022-05-29 20:02:37,737:root: Executing command:tell me a joke
INFO:2022-05-29 20:02:38,332:root: Speaking
INFO:2022-05-29 20:02:41,338:root: Getting response
INFO:2022-05-29 20:02:41,338:root: Listening
INFO:2022-05-29 20:02:50,078:root: Requesting callback
INFO:2022-05-29 20:02:51,589:root: Executing command:why does custard join sometimes not wait
INFO:2022-05-29 20:02:51,626:root: Getting response
INFO:2022-05-29 20:02:52,185:root: Speaking
INFO:2022-05-29 20:02:55,189:root: Listening
INFO:2022-05-29 20:02:56,740:root: Requesting callback
INFO:2022-05-29 20:03:21,312:root: Requesting callback
INFO:2022-05-29 20:03:24,869:root: Executing command:ok bye
INFO:2022-05-29 20:03:25,786:root: Speaking
INFO:2022-05-29 20:05:21,302:root: Listening
INFO:2022-05-29 20:06:12,196:root: Listening
INFO:2022-05-29 20:06:20,495:root: Requesting callback
INFO:2022-05-29 20:06:21,757:root: Executing command:awesome how are you
INFO:2022-05-29 20:06:23,202:root: Getting response
INFO:2022-05-29 20:06:23,627:root: Speaking
INFO:2022-05-29 20:06:26,703:root: Listening
INFO:2022-05-29 20:06:31,208:root: Requesting callback
INFO:2022-05-29 20:06:31,915:root: Executing command:what's the time
INFO:2022-05-29 20:06:32,544:root: Speaking
INFO:2022-05-29 20:06:35,550:root: Getting response
INFO:2022-05-29 20:06:35,550:root: Listening
INFO:2022-05-29 20:06:37,204:root: Requesting callback
INFO:2022-05-29 20:06:48,527:root: Requesting callback
INFO:2022-05-29 20:06:52,499:root: Executing command:what's the time
INFO:2022-05-29 20:06:53,132:root: Speaking
INFO:2022-05-29 20:06:56,142:root: Getting response
INFO:2022-05-29 20:06:56,142:root: Listening
INFO:2022-05-29 20:07:00,405:root: Requesting callback
INFO:2022-05-29 20:07:01,139:root: Executing command:tell me a joke
INFO:2022-05-29 20:07:01,739:root: Speaking
INFO:2022-05-29 20:07:04,745:root: Getting response
INFO:2022-05-29 20:07:04,746:root: Listening
INFO:2022-05-29 20:07:06,457:root: Requesting callback
INFO:2022-05-29 20:07:14,330:root: Requesting callback
INFO:2022-05-29 20:07:15,579:root: Executing command:what's the time
INFO:2022-05-29 20:07:16,182:root: Speaking
INFO:2022-05-29 20:07:19,188:root: Getting response
INFO:2022-05-29 20:07:19,188:root: Listening
INFO:2022-05-29 20:07:22,874:root: Requesting callback
INFO:2022-05-29 20:07:25,126:root: Executing command:tell me a joke
INFO:2022-05-29 20:07:25,745:root: Speaking
INFO:2022-05-29 20:07:28,754:root: Getting response
INFO:2022-05-29 20:07:28,754:root: Listening
INFO:2022-05-29 20:07:30,614:root: Requesting callback
INFO:2022-05-29 20:07:45,716:root: Requesting callback
INFO:2022-05-29 20:07:48,041:root: Executing command:i am bored i am bored
INFO:2022-05-29 20:07:48,658:root: Speaking
INFO:2022-05-29 20:07:51,664:root: Getting response
INFO:2022-05-29 20:07:51,664:root: Listening
INFO:2022-05-29 20:07:54,456:root: Requesting callback
INFO:2022-05-29 20:07:59,898:root: Requesting callback
INFO:2022-05-29 20:08:01,149:root: Executing command:why does join doesn't work
INFO:2022-05-29 20:08:01,197:root: Getting response
INFO:2022-05-29 20:08:01,749:root: Speaking
INFO:2022-05-29 20:08:04,754:root: Listening
INFO:2022-05-29 20:08:06,333:root: Requesting callback
INFO:2022-05-29 20:09:39,773:root: Listening
INFO:2022-05-29 20:10:20,265:root: Listening
INFO:2022-05-29 20:10:34,639:root: Requesting callback
INFO:2022-05-29 20:10:36,356:root: Executing command:are is my backup can you hear me
INFO:2022-05-29 20:10:37,802:root: Getting response
INFO:2022-05-29 20:10:54,672:root: Speaking
INFO:2022-05-29 20:10:57,755:root: Listening
INFO:2022-05-29 20:12:40,163:root: Listening
INFO:2022-05-29 20:12:43,828:root: Requesting callback
INFO:2022-05-29 20:12:44,794:root: Executing command:hi there
INFO:2022-05-29 20:12:46,344:root: Getting response
INFO:2022-05-29 20:12:46,909:root: Speaking
INFO:2022-05-29 20:12:49,993:root: Listening
INFO:2022-05-29 20:12:55,902:root: Requesting callback
INFO:2022-05-29 20:12:57,291:root: Executing command:secure name
INFO:2022-05-29 20:12:58,219:root: Speaking
INFO:2022-05-29 20:14:17,267:root: Listening
INFO:2022-05-29 20:14:18,974:root: Requesting callback
INFO:2022-05-29 20:14:22,619:root: Requesting callback
INFO:2022-05-29 20:15:11,957:root: Listening
INFO:2022-05-29 20:15:13,353:root: Requesting callback
INFO:2022-05-29 20:15:28,605:root: Requesting callback
INFO:2022-05-29 20:15:31,302:root: Executing command:hi mac are you there
INFO:2022-05-29 20:15:32,784:root: Getting response
INFO:2022-05-29 20:15:36,216:root: Speaking
INFO:2022-05-29 20:15:39,313:root: Listening
INFO:2022-05-29 20:15:54,399:root: Requesting callback
INFO:2022-05-29 20:15:56,821:root: Executing command:what's the time
INFO:2022-05-29 20:15:58,385:root: Speaking
INFO:2022-05-29 20:16:01,394:root: Getting response
INFO:2022-05-29 20:16:01,395:root: Listening
INFO:2022-05-29 20:16:06,189:root: Requesting callback
INFO:2022-05-29 20:16:07,356:root: Executing command:set your name
INFO:2022-05-29 20:16:14,055:root: Speaking
INFO:2022-05-29 20:19:39,111:root: Listening
INFO:2022-05-29 20:19:41,981:root: Requesting callback
INFO:2022-05-29 20:19:43,002:root: Executing command:awesome how are you
INFO:2022-05-29 20:19:44,139:root: Requesting callback
INFO:2022-05-29 20:19:44,522:root: Getting response
INFO:2022-05-29 20:19:44,522:root: Speaking
INFO:2022-05-29 20:19:47,202:root: Requesting callback
INFO:2022-05-29 20:19:47,593:root: Listening
INFO:2022-05-29 20:19:48,618:root: Executing command:naresh
INFO:2022-05-29 20:19:48,655:root: Getting response
INFO:2022-05-29 20:19:48,655:root: Speaking
INFO:2022-05-29 20:19:51,658:root: Listening
INFO:2022-05-29 20:19:55,655:root: Requesting callback
INFO:2022-05-29 20:19:57,340:root: Executing command:are you crazy
INFO:2022-05-29 20:19:57,378:root: Getting response
INFO:2022-05-29 20:19:57,378:root: Speaking
INFO:2022-05-29 20:20:00,381:root: Listening
INFO:2022-05-29 20:20:08,913:root: Requesting callback
INFO:2022-05-29 20:20:13,560:root: Executing command:please lakme bridal boys again
INFO:2022-05-29 20:20:13,598:root: Getting response
INFO:2022-05-29 20:20:13,599:root: Speaking
INFO:2022-05-29 20:20:16,603:root: Listening
INFO:2022-05-29 20:20:20,340:root: Requesting callback
INFO:2022-05-29 20:20:22,096:root: Executing command:what the f***
INFO:2022-05-29 20:20:22,134:root: Getting response
INFO:2022-05-29 20:20:22,134:root: Speaking
INFO:2022-05-29 20:20:25,141:root: Listening
INFO:2022-05-29 20:20:32,555:root: Requesting callback
INFO:2022-05-29 20:20:37,072:root: Executing command:given the following a b b b b b n v
INFO:2022-05-29 20:20:37,110:root: Speaking
INFO:2022-05-29 20:20:40,116:root: Getting response
INFO:2022-05-29 20:20:40,116:root: Listening
INFO:2022-05-29 20:25:10,975:root: Listening
INFO:2022-05-29 20:25:13,824:root: Requesting callback
INFO:2022-05-29 20:25:14,769:root: Executing command:hello doggy how are you
INFO:2022-05-29 20:25:16,206:root: Getting response
INFO:2022-05-29 20:26:04,959:root: Listening
INFO:2022-05-29 20:26:09,062:root: Requesting callback
INFO:2022-05-29 20:26:09,872:root: Executing command:are you a lazy dog
INFO:2022-05-29 20:26:11,336:root: Getting response
INFO:2022-05-29 20:26:15,861:root: Speaking
INFO:2022-05-29 20:26:18,948:root: Listening
INFO:2022-05-29 20:26:29,087:root: Requesting callback
INFO:2022-05-29 20:26:30,882:root: Executing command:i would really able to calibrate my voice
INFO:2022-05-29 20:26:30,920:root: Getting response
INFO:2022-05-29 20:26:32,425:root: Speaking
INFO:2022-05-29 20:26:35,427:root: Listening
INFO:2022-05-29 20:26:37,059:root: Requesting callback
INFO:2022-05-29 20:26:40,358:root: Requesting callback
INFO:2022-05-29 20:26:40,994:root: Executing command:what's the time
INFO:2022-05-29 20:26:48,527:root: Speaking
INFO:2022-05-29 20:26:51,535:root: Getting response
INFO:2022-05-29 20:26:51,535:root: Listening
INFO:2022-05-29 20:26:52,547:root: Requesting callback
INFO:2022-05-29 20:27:04,667:root: Requesting callback
INFO:2022-05-29 20:27:09,383:root: Requesting callback
INFO:2022-05-29 20:27:25,193:root: Requesting callback
INFO:2022-05-29 20:27:28,312:root: Executing command:lovely professional university
INFO:2022-05-29 20:27:28,350:root: Getting response
INFO:2022-05-29 20:27:30,409:root: Speaking
INFO:2022-05-29 20:27:33,412:root: Listening
INFO:2022-05-29 20:27:35,264:root: Requesting callback
INFO:2022-05-29 20:29:11,841:root: Listening
INFO:2022-05-29 20:29:15,220:root: Requesting callback
INFO:2022-05-29 20:29:15,883:root: Executing command:lovely what's happening
INFO:2022-05-29 20:29:17,343:root: Getting response
INFO:2022-05-29 20:29:19,486:root: Speaking
INFO:2022-05-29 20:29:47,376:root: Listening
INFO:2022-05-29 20:29:58,587:root: Requesting callback
INFO:2022-05-29 20:30:00,590:root: Executing command:set your name changed name
INFO:2022-05-29 20:30:03,363:root: Speaking
